<?xml version="1.0" encoding="UTF-8"?>
<coverage generated="1700497612316" clover="3.2.0">
  <project timestamp="1700497612316" name="All files">
    <metrics statements="670" coveredstatements="657" conditionals="210" coveredconditionals="201" methods="154" coveredmethods="154" elements="1034" coveredelements="1012" complexity="0" loc="670" ncloc="670" packages="27" files="64" classes="64"/>
    <package name="src.Applications.security">
      <metrics statements="8" coveredstatements="8" conditionals="0" coveredconditionals="0" methods="6" coveredmethods="6"/>
      <file name="AuthenticationTokenManager.js" path="/home/dimas/Project/forum-api/src/Applications/security/AuthenticationTokenManager.js">
        <metrics statements="5" coveredstatements="5" conditionals="0" coveredconditionals="0" methods="4" coveredmethods="4"/>
        <line num="3" count="1" type="stmt"/>
        <line num="7" count="1" type="stmt"/>
        <line num="11" count="1" type="stmt"/>
        <line num="15" count="1" type="stmt"/>
        <line num="19" count="9" type="stmt"/>
      </file>
      <file name="PasswordHash.js" path="/home/dimas/Project/forum-api/src/Applications/security/PasswordHash.js">
        <metrics statements="3" coveredstatements="3" conditionals="0" coveredconditionals="0" methods="2" coveredmethods="2"/>
        <line num="3" count="1" type="stmt"/>
        <line num="7" count="1" type="stmt"/>
        <line num="11" count="9" type="stmt"/>
      </file>
    </package>
    <package name="src.Applications.use_case.authentications">
      <metrics statements="25" coveredstatements="25" conditionals="8" coveredconditionals="8" methods="6" coveredmethods="6"/>
      <file name="DeleteAuthenticationUseCase.js" path="/home/dimas/Project/forum-api/src/Applications/use_case/authentications/DeleteAuthenticationUseCase.js">
        <metrics statements="11" coveredstatements="11" conditionals="4" coveredconditionals="4" methods="3" coveredmethods="3"/>
        <line num="5" count="3" type="stmt"/>
        <line num="9" count="3" type="stmt"/>
        <line num="10" count="1" type="stmt"/>
        <line num="11" count="1" type="stmt"/>
        <line num="12" count="1" type="stmt"/>
        <line num="16" count="3" type="stmt"/>
        <line num="17" count="3" type="cond" truecount="2" falsecount="0"/>
        <line num="18" count="1" type="stmt"/>
        <line num="21" count="2" type="cond" truecount="2" falsecount="0"/>
        <line num="22" count="1" type="stmt"/>
        <line num="27" count="1" type="stmt"/>
      </file>
      <file name="RefreshAuthenticationUseCase.js" path="/home/dimas/Project/forum-api/src/Applications/use_case/authentications/RefreshAuthenticationUseCase.js">
        <metrics statements="14" coveredstatements="14" conditionals="4" coveredconditionals="4" methods="3" coveredmethods="3"/>
        <line num="6" count="4" type="stmt"/>
        <line num="7" count="4" type="stmt"/>
        <line num="11" count="7" type="stmt"/>
        <line num="12" count="3" type="stmt"/>
        <line num="14" count="3" type="stmt"/>
        <line num="15" count="2" type="stmt"/>
        <line num="17" count="1" type="stmt"/>
        <line num="19" count="1" type="stmt"/>
        <line num="23" count="7" type="stmt"/>
        <line num="25" count="7" type="cond" truecount="2" falsecount="0"/>
        <line num="26" count="2" type="stmt"/>
        <line num="29" count="5" type="cond" truecount="2" falsecount="0"/>
        <line num="30" count="2" type="stmt"/>
        <line num="35" count="7" type="stmt"/>
      </file>
    </package>
    <package name="src.Applications.use_case.comments">
      <metrics statements="19" coveredstatements="19" conditionals="0" coveredconditionals="0" methods="4" coveredmethods="4"/>
      <file name="AddCommentUseCase.js" path="/home/dimas/Project/forum-api/src/Applications/use_case/comments/AddCommentUseCase.js">
        <metrics statements="10" coveredstatements="10" conditionals="0" coveredconditionals="0" methods="2" coveredmethods="2"/>
        <line num="1" count="7" type="stmt"/>
        <line num="5" count="2" type="stmt"/>
        <line num="6" count="2" type="stmt"/>
        <line num="7" count="2" type="stmt"/>
        <line num="11" count="4" type="stmt"/>
        <line num="12" count="4" type="stmt"/>
        <line num="13" count="4" type="stmt"/>
        <line num="14" count="3" type="stmt"/>
        <line num="16" count="2" type="stmt"/>
        <line num="20" count="7" type="stmt"/>
      </file>
      <file name="DeleteCommentUseCase.js" path="/home/dimas/Project/forum-api/src/Applications/use_case/comments/DeleteCommentUseCase.js">
        <metrics statements="9" coveredstatements="9" conditionals="0" coveredconditionals="0" methods="2" coveredmethods="2"/>
        <line num="3" count="2" type="stmt"/>
        <line num="4" count="2" type="stmt"/>
        <line num="5" count="2" type="stmt"/>
        <line num="9" count="3" type="stmt"/>
        <line num="10" count="3" type="stmt"/>
        <line num="11" count="2" type="stmt"/>
        <line num="12" count="2" type="stmt"/>
        <line num="14" count="1" type="stmt"/>
        <line num="18" count="7" type="stmt"/>
      </file>
    </package>
    <package name="src.Applications.use_case.replies">
      <metrics statements="23" coveredstatements="23" conditionals="0" coveredconditionals="0" methods="4" coveredmethods="4"/>
      <file name="AddCommentReplyUseCase.js" path="/home/dimas/Project/forum-api/src/Applications/use_case/replies/AddCommentReplyUseCase.js">
        <metrics statements="12" coveredstatements="12" conditionals="0" coveredconditionals="0" methods="2" coveredmethods="2"/>
        <line num="1" count="7" type="stmt"/>
        <line num="7" count="2" type="stmt"/>
        <line num="8" count="2" type="stmt"/>
        <line num="9" count="2" type="stmt"/>
        <line num="10" count="2" type="stmt"/>
        <line num="14" count="5" type="stmt"/>
        <line num="15" count="5" type="stmt"/>
        <line num="16" count="3" type="stmt"/>
        <line num="17" count="3" type="stmt"/>
        <line num="18" count="2" type="stmt"/>
        <line num="20" count="1" type="stmt"/>
        <line num="24" count="7" type="stmt"/>
      </file>
      <file name="DeleteReplyUseCase.js" path="/home/dimas/Project/forum-api/src/Applications/use_case/replies/DeleteReplyUseCase.js">
        <metrics statements="11" coveredstatements="11" conditionals="0" coveredconditionals="0" methods="2" coveredmethods="2"/>
        <line num="5" count="2" type="stmt"/>
        <line num="6" count="2" type="stmt"/>
        <line num="7" count="2" type="stmt"/>
        <line num="8" count="2" type="stmt"/>
        <line num="14" count="3" type="stmt"/>
        <line num="16" count="3" type="stmt"/>
        <line num="17" count="1" type="stmt"/>
        <line num="18" count="1" type="stmt"/>
        <line num="19" count="1" type="stmt"/>
        <line num="21" count="1" type="stmt"/>
        <line num="25" count="7" type="stmt"/>
      </file>
    </package>
    <package name="src.Applications.use_case.threads">
      <metrics statements="20" coveredstatements="20" conditionals="4" coveredconditionals="2" methods="7" coveredmethods="7"/>
      <file name="AddThreadUseCase.js" path="/home/dimas/Project/forum-api/src/Applications/use_case/threads/AddThreadUseCase.js">
        <metrics statements="8" coveredstatements="8" conditionals="0" coveredconditionals="0" methods="2" coveredmethods="2"/>
        <line num="1" count="7" type="stmt"/>
        <line num="5" count="2" type="stmt"/>
        <line num="6" count="2" type="stmt"/>
        <line num="10" count="3" type="stmt"/>
        <line num="11" count="3" type="stmt"/>
        <line num="12" count="3" type="stmt"/>
        <line num="14" count="2" type="stmt"/>
        <line num="18" count="7" type="stmt"/>
      </file>
      <file name="GetThreadDetailUseCase.js" path="/home/dimas/Project/forum-api/src/Applications/use_case/threads/GetThreadDetailUseCase.js">
        <metrics statements="12" coveredstatements="12" conditionals="4" coveredconditionals="2" methods="5" coveredmethods="5"/>
        <line num="3" count="2" type="stmt"/>
        <line num="4" count="2" type="stmt"/>
        <line num="5" count="2" type="stmt"/>
        <line num="6" count="2" type="stmt"/>
        <line num="10" count="2" type="stmt"/>
        <line num="11" count="2" type="stmt"/>
        <line num="12" count="2" type="stmt"/>
        <line num="14" count="2" type="stmt"/>
        <line num="20" count="1" type="stmt"/>
        <line num="21" count="1" type="stmt"/>
        <line num="29" count="2" type="stmt"/>
        <line num="33" count="7" type="stmt"/>
      </file>
    </package>
    <package name="src.Applications.use_case.users">
      <metrics statements="35" coveredstatements="35" conditionals="4" coveredconditionals="4" methods="7" coveredmethods="7"/>
      <file name="AddUserUseCase.js" path="/home/dimas/Project/forum-api/src/Applications/use_case/users/AddUserUseCase.js">
        <metrics statements="8" coveredstatements="8" conditionals="0" coveredconditionals="0" methods="2" coveredmethods="2"/>
        <line num="1" count="7" type="stmt"/>
        <line num="5" count="3" type="stmt"/>
        <line num="6" count="3" type="stmt"/>
        <line num="10" count="10" type="stmt"/>
        <line num="11" count="6" type="stmt"/>
        <line num="12" count="2" type="stmt"/>
        <line num="13" count="2" type="stmt"/>
        <line num="17" count="7" type="stmt"/>
      </file>
      <file name="LoginUserUseCase.js" path="/home/dimas/Project/forum-api/src/Applications/use_case/users/LoginUserUseCase.js">
        <metrics statements="16" coveredstatements="16" conditionals="0" coveredconditionals="0" methods="2" coveredmethods="2"/>
        <line num="1" count="7" type="stmt"/>
        <line num="2" count="7" type="stmt"/>
        <line num="11" count="2" type="stmt"/>
        <line num="12" count="2" type="stmt"/>
        <line num="13" count="2" type="stmt"/>
        <line num="14" count="2" type="stmt"/>
        <line num="18" count="7" type="stmt"/>
        <line num="20" count="5" type="stmt"/>
        <line num="22" count="5" type="stmt"/>
        <line num="24" count="1" type="stmt"/>
        <line num="26" count="1" type="stmt"/>
        <line num="27" count="1" type="stmt"/>
        <line num="32" count="1" type="stmt"/>
        <line num="37" count="1" type="stmt"/>
        <line num="39" count="1" type="stmt"/>
        <line num="43" count="7" type="stmt"/>
      </file>
      <file name="LogoutUserUseCase.js" path="/home/dimas/Project/forum-api/src/Applications/use_case/users/LogoutUserUseCase.js">
        <metrics statements="11" coveredstatements="11" conditionals="4" coveredconditionals="4" methods="3" coveredmethods="3"/>
        <line num="5" count="4" type="stmt"/>
        <line num="9" count="7" type="stmt"/>
        <line num="10" count="3" type="stmt"/>
        <line num="11" count="3" type="stmt"/>
        <line num="12" count="2" type="stmt"/>
        <line num="16" count="7" type="stmt"/>
        <line num="17" count="7" type="cond" truecount="2" falsecount="0"/>
        <line num="18" count="2" type="stmt"/>
        <line num="21" count="5" type="cond" truecount="2" falsecount="0"/>
        <line num="22" count="2" type="stmt"/>
        <line num="27" count="7" type="stmt"/>
      </file>
    </package>
    <package name="src.Commons.exceptions">
      <metrics statements="27" coveredstatements="27" conditionals="5" coveredconditionals="5" methods="6" coveredmethods="6"/>
      <file name="AuthenticationError.js" path="/home/dimas/Project/forum-api/src/Commons/exceptions/AuthenticationError.js">
        <metrics statements="4" coveredstatements="4" conditionals="0" coveredconditionals="0" methods="1" coveredmethods="1"/>
        <line num="1" count="8" type="stmt"/>
        <line num="5" count="11" type="stmt"/>
        <line num="6" count="11" type="stmt"/>
        <line num="10" count="8" type="stmt"/>
      </file>
      <file name="AuthorizationError.js" path="/home/dimas/Project/forum-api/src/Commons/exceptions/AuthorizationError.js">
        <metrics statements="4" coveredstatements="4" conditionals="0" coveredconditionals="0" methods="1" coveredmethods="1"/>
        <line num="1" count="8" type="stmt"/>
        <line num="5" count="3" type="stmt"/>
        <line num="6" count="3" type="stmt"/>
        <line num="10" count="8" type="stmt"/>
      </file>
      <file name="ClientError.js" path="/home/dimas/Project/forum-api/src/Commons/exceptions/ClientError.js">
        <metrics statements="6" coveredstatements="6" conditionals="3" coveredconditionals="3" methods="1" coveredmethods="1"/>
        <line num="3" count="158" type="stmt"/>
        <line num="5" count="158" type="cond" truecount="2" falsecount="0"/>
        <line num="6" count="1" type="stmt"/>
        <line num="9" count="157" type="stmt"/>
        <line num="10" count="157" type="stmt"/>
        <line num="14" count="19" type="stmt"/>
      </file>
      <file name="DomainErrorTranslator.js" path="/home/dimas/Project/forum-api/src/Commons/exceptions/DomainErrorTranslator.js">
        <metrics statements="5" coveredstatements="5" conditionals="2" coveredconditionals="2" methods="1" coveredmethods="1"/>
        <line num="1" count="7" type="stmt"/>
        <line num="3" count="7" type="stmt"/>
        <line num="5" count="45" type="cond" truecount="2" falsecount="0"/>
        <line num="9" count="7" type="stmt"/>
        <line num="29" count="7" type="stmt"/>
      </file>
      <file name="InvariantError.js" path="/home/dimas/Project/forum-api/src/Commons/exceptions/InvariantError.js">
        <metrics statements="4" coveredstatements="4" conditionals="0" coveredconditionals="0" methods="1" coveredmethods="1"/>
        <line num="1" count="11" type="stmt"/>
        <line num="5" count="135" type="stmt"/>
        <line num="6" count="135" type="stmt"/>
        <line num="10" count="11" type="stmt"/>
      </file>
      <file name="NotFoundError.js" path="/home/dimas/Project/forum-api/src/Commons/exceptions/NotFoundError.js">
        <metrics statements="4" coveredstatements="4" conditionals="0" coveredconditionals="0" methods="1" coveredmethods="1"/>
        <line num="1" count="9" type="stmt"/>
        <line num="5" count="8" type="stmt"/>
        <line num="6" count="8" type="stmt"/>
        <line num="10" count="9" type="stmt"/>
      </file>
    </package>
    <package name="src.Domains.authentications">
      <metrics statements="4" coveredstatements="4" conditionals="0" coveredconditionals="0" methods="3" coveredmethods="3"/>
      <file name="AuthenticationRepository.js" path="/home/dimas/Project/forum-api/src/Domains/authentications/AuthenticationRepository.js">
        <metrics statements="4" coveredstatements="4" conditionals="0" coveredconditionals="0" methods="3" coveredmethods="3"/>
        <line num="3" count="1" type="stmt"/>
        <line num="7" count="1" type="stmt"/>
        <line num="11" count="1" type="stmt"/>
        <line num="15" count="11" type="stmt"/>
      </file>
    </package>
    <package name="src.Domains.authentications.entities">
      <metrics statements="9" coveredstatements="9" conditionals="8" coveredconditionals="8" methods="2" coveredmethods="2"/>
      <file name="NewAuth.js" path="/home/dimas/Project/forum-api/src/Domains/authentications/entities/NewAuth.js">
        <metrics statements="9" coveredstatements="9" conditionals="8" coveredconditionals="8" methods="2" coveredmethods="2"/>
        <line num="3" count="6" type="stmt"/>
        <line num="5" count="4" type="stmt"/>
        <line num="6" count="4" type="stmt"/>
        <line num="10" count="6" type="stmt"/>
        <line num="12" count="6" type="cond" truecount="4" falsecount="0"/>
        <line num="13" count="1" type="stmt"/>
        <line num="16" count="5" type="cond" truecount="4" falsecount="0"/>
        <line num="17" count="1" type="stmt"/>
        <line num="22" count="8" type="stmt"/>
      </file>
    </package>
    <package name="src.Domains.comments">
      <metrics statements="5" coveredstatements="5" conditionals="0" coveredconditionals="0" methods="4" coveredmethods="4"/>
      <file name="CommentRepository.js" path="/home/dimas/Project/forum-api/src/Domains/comments/CommentRepository.js">
        <metrics statements="5" coveredstatements="5" conditionals="0" coveredconditionals="0" methods="4" coveredmethods="4"/>
        <line num="3" count="1" type="stmt"/>
        <line num="7" count="1" type="stmt"/>
        <line num="11" count="1" type="stmt"/>
        <line num="15" count="1" type="stmt"/>
        <line num="19" count="12" type="stmt"/>
      </file>
    </package>
    <package name="src.Domains.comments.entities">
      <metrics statements="31" coveredstatements="31" conditionals="32" coveredconditionals="32" methods="6" coveredmethods="6"/>
      <file name="AddedComment.js" path="/home/dimas/Project/forum-api/src/Domains/comments/entities/AddedComment.js">
        <metrics statements="10" coveredstatements="10" conditionals="10" coveredconditionals="10" methods="2" coveredmethods="2"/>
        <line num="3" count="8" type="stmt"/>
        <line num="5" count="5" type="stmt"/>
        <line num="7" count="5" type="stmt"/>
        <line num="8" count="5" type="stmt"/>
        <line num="9" count="5" type="stmt"/>
        <line num="13" count="8" type="cond" truecount="5" falsecount="0"/>
        <line num="14" count="1" type="stmt"/>
        <line num="17" count="7" type="cond" truecount="5" falsecount="0"/>
        <line num="18" count="2" type="stmt"/>
        <line num="23" count="9" type="stmt"/>
      </file>
      <file name="CommentDetail.js" path="/home/dimas/Project/forum-api/src/Domains/comments/entities/CommentDetail.js">
        <metrics statements="11" coveredstatements="11" conditionals="12" coveredconditionals="12" methods="2" coveredmethods="2"/>
        <line num="3" count="3" type="stmt"/>
        <line num="7" count="1" type="stmt"/>
        <line num="9" count="1" type="stmt"/>
        <line num="10" count="1" type="stmt"/>
        <line num="11" count="1" type="stmt"/>
        <line num="12" count="1" type="stmt"/>
        <line num="18" count="3" type="cond" truecount="6" falsecount="0"/>
        <line num="19" count="1" type="stmt"/>
        <line num="22" count="2" type="cond" truecount="2" falsecount="0"/>
        <line num="28" count="1" type="stmt"/>
        <line num="33" count="1" type="stmt"/>
      </file>
      <file name="NewComment.js" path="/home/dimas/Project/forum-api/src/Domains/comments/entities/NewComment.js">
        <metrics statements="10" coveredstatements="10" conditionals="10" coveredconditionals="10" methods="2" coveredmethods="2"/>
        <line num="3" count="8" type="stmt"/>
        <line num="5" count="6" type="stmt"/>
        <line num="7" count="6" type="stmt"/>
        <line num="8" count="6" type="stmt"/>
        <line num="9" count="6" type="stmt"/>
        <line num="13" count="8" type="cond" truecount="5" falsecount="0"/>
        <line num="14" count="1" type="stmt"/>
        <line num="17" count="7" type="cond" truecount="5" falsecount="0"/>
        <line num="18" count="1" type="stmt"/>
        <line num="23" count="8" type="stmt"/>
      </file>
    </package>
    <package name="src.Domains.replies">
      <metrics statements="5" coveredstatements="5" conditionals="0" coveredconditionals="0" methods="4" coveredmethods="4"/>
      <file name="CommentReplyRepository.js" path="/home/dimas/Project/forum-api/src/Domains/replies/CommentReplyRepository.js">
        <metrics statements="5" coveredstatements="5" conditionals="0" coveredconditionals="0" methods="4" coveredmethods="4"/>
        <line num="3" count="1" type="stmt"/>
        <line num="7" count="1" type="stmt"/>
        <line num="11" count="1" type="stmt"/>
        <line num="15" count="1" type="stmt"/>
        <line num="19" count="10" type="stmt"/>
      </file>
    </package>
    <package name="src.Domains.replies.entities">
      <metrics statements="32" coveredstatements="32" conditionals="34" coveredconditionals="34" methods="6" coveredmethods="6"/>
      <file name="AddedCommentReply.js" path="/home/dimas/Project/forum-api/src/Domains/replies/entities/AddedCommentReply.js">
        <metrics statements="11" coveredstatements="11" conditionals="12" coveredconditionals="12" methods="2" coveredmethods="2"/>
        <line num="3" count="7" type="stmt"/>
        <line num="7" count="4" type="stmt"/>
        <line num="9" count="4" type="stmt"/>
        <line num="10" count="4" type="stmt"/>
        <line num="11" count="4" type="stmt"/>
        <line num="12" count="4" type="stmt"/>
        <line num="18" count="7" type="cond" truecount="6" falsecount="0"/>
        <line num="19" count="1" type="stmt"/>
        <line num="22" count="6" type="cond" truecount="2" falsecount="0"/>
        <line num="28" count="2" type="stmt"/>
        <line num="33" count="9" type="stmt"/>
      </file>
      <file name="CommentReplyDetail.js" path="/home/dimas/Project/forum-api/src/Domains/replies/entities/CommentReplyDetail.js">
        <metrics statements="11" coveredstatements="11" conditionals="12" coveredconditionals="12" methods="2" coveredmethods="2"/>
        <line num="3" count="3" type="stmt"/>
        <line num="7" count="1" type="stmt"/>
        <line num="9" count="1" type="stmt"/>
        <line num="10" count="1" type="stmt"/>
        <line num="11" count="1" type="stmt"/>
        <line num="12" count="1" type="stmt"/>
        <line num="18" count="3" type="cond" truecount="6" falsecount="0"/>
        <line num="19" count="1" type="stmt"/>
        <line num="22" count="2" type="cond" truecount="2" falsecount="0"/>
        <line num="28" count="1" type="stmt"/>
        <line num="33" count="1" type="stmt"/>
      </file>
      <file name="NewCommentReply.js" path="/home/dimas/Project/forum-api/src/Domains/replies/entities/NewCommentReply.js">
        <metrics statements="10" coveredstatements="10" conditionals="10" coveredconditionals="10" methods="2" coveredmethods="2"/>
        <line num="3" count="7" type="stmt"/>
        <line num="5" count="5" type="stmt"/>
        <line num="7" count="5" type="stmt"/>
        <line num="8" count="5" type="stmt"/>
        <line num="9" count="5" type="stmt"/>
        <line num="13" count="7" type="cond" truecount="5" falsecount="0"/>
        <line num="14" count="1" type="stmt"/>
        <line num="17" count="6" type="cond" truecount="5" falsecount="0"/>
        <line num="18" count="1" type="stmt"/>
        <line num="23" count="8" type="stmt"/>
      </file>
    </package>
    <package name="src.Domains.threads">
      <metrics statements="4" coveredstatements="4" conditionals="0" coveredconditionals="0" methods="3" coveredmethods="3"/>
      <file name="ThreadRepository.js" path="/home/dimas/Project/forum-api/src/Domains/threads/ThreadRepository.js">
        <metrics statements="4" coveredstatements="4" conditionals="0" coveredconditionals="0" methods="3" coveredmethods="3"/>
        <line num="3" count="1" type="stmt"/>
        <line num="7" count="1" type="stmt"/>
        <line num="11" count="1" type="stmt"/>
        <line num="15" count="13" type="stmt"/>
      </file>
    </package>
    <package name="src.Domains.threads.entities">
      <metrics statements="32" coveredstatements="32" conditionals="34" coveredconditionals="34" methods="6" coveredmethods="6"/>
      <file name="AddedThread.js" path="/home/dimas/Project/forum-api/src/Domains/threads/entities/AddedThread.js">
        <metrics statements="10" coveredstatements="10" conditionals="10" coveredconditionals="10" methods="2" coveredmethods="2"/>
        <line num="3" count="8" type="stmt"/>
        <line num="5" count="5" type="stmt"/>
        <line num="7" count="5" type="stmt"/>
        <line num="8" count="5" type="stmt"/>
        <line num="9" count="5" type="stmt"/>
        <line num="13" count="8" type="cond" truecount="5" falsecount="0"/>
        <line num="14" count="2" type="stmt"/>
        <line num="17" count="6" type="cond" truecount="5" falsecount="0"/>
        <line num="18" count="1" type="stmt"/>
        <line num="23" count="9" type="stmt"/>
      </file>
      <file name="NewThread.js" path="/home/dimas/Project/forum-api/src/Domains/threads/entities/NewThread.js">
        <metrics statements="10" coveredstatements="10" conditionals="10" coveredconditionals="10" methods="2" coveredmethods="2"/>
        <line num="3" count="7" type="stmt"/>
        <line num="5" count="5" type="stmt"/>
        <line num="7" count="5" type="stmt"/>
        <line num="8" count="5" type="stmt"/>
        <line num="9" count="5" type="stmt"/>
        <line num="13" count="7" type="cond" truecount="5" falsecount="0"/>
        <line num="14" count="1" type="stmt"/>
        <line num="17" count="6" type="cond" truecount="5" falsecount="0"/>
        <line num="18" count="1" type="stmt"/>
        <line num="23" count="8" type="stmt"/>
      </file>
      <file name="ThreadDetail.js" path="/home/dimas/Project/forum-api/src/Domains/threads/entities/ThreadDetail.js">
        <metrics statements="12" coveredstatements="12" conditionals="14" coveredconditionals="14" methods="2" coveredmethods="2"/>
        <line num="3" count="6" type="stmt"/>
        <line num="7" count="4" type="stmt"/>
        <line num="9" count="4" type="stmt"/>
        <line num="10" count="4" type="stmt"/>
        <line num="11" count="4" type="stmt"/>
        <line num="12" count="4" type="stmt"/>
        <line num="13" count="4" type="stmt"/>
        <line num="19" count="6" type="cond" truecount="7" falsecount="0"/>
        <line num="20" count="1" type="stmt"/>
        <line num="23" count="5" type="cond" truecount="2" falsecount="0"/>
        <line num="30" count="1" type="stmt"/>
        <line num="35" count="7" type="stmt"/>
      </file>
    </package>
    <package name="src.Domains.users">
      <metrics statements="6" coveredstatements="6" conditionals="0" coveredconditionals="0" methods="5" coveredmethods="5"/>
      <file name="UserRepository.js" path="/home/dimas/Project/forum-api/src/Domains/users/UserRepository.js">
        <metrics statements="6" coveredstatements="6" conditionals="0" coveredconditionals="0" methods="5" coveredmethods="5"/>
        <line num="3" count="1" type="stmt"/>
        <line num="7" count="1" type="stmt"/>
        <line num="11" count="1" type="stmt"/>
        <line num="15" count="1" type="stmt"/>
        <line num="19" count="1" type="stmt"/>
        <line num="23" count="14" type="stmt"/>
      </file>
    </package>
    <package name="src.Domains.users.entities">
      <metrics statements="33" coveredstatements="33" conditionals="32" coveredconditionals="32" methods="6" coveredmethods="6"/>
      <file name="RegisterUser.js" path="/home/dimas/Project/forum-api/src/Domains/users/entities/RegisterUser.js">
        <metrics statements="14" coveredstatements="14" conditionals="14" coveredconditionals="14" methods="2" coveredmethods="2"/>
        <line num="3" count="18" type="stmt"/>
        <line num="5" count="10" type="stmt"/>
        <line num="7" count="10" type="stmt"/>
        <line num="8" count="10" type="stmt"/>
        <line num="9" count="10" type="stmt"/>
        <line num="13" count="18" type="cond" truecount="5" falsecount="0"/>
        <line num="14" count="2" type="stmt"/>
        <line num="17" count="16" type="cond" truecount="5" falsecount="0"/>
        <line num="18" count="2" type="stmt"/>
        <line num="21" count="14" type="cond" truecount="2" falsecount="0"/>
        <line num="22" count="2" type="stmt"/>
        <line num="25" count="12" type="cond" truecount="2" falsecount="0"/>
        <line num="26" count="2" type="stmt"/>
        <line num="31" count="9" type="stmt"/>
      </file>
      <file name="RegisteredUser.js" path="/home/dimas/Project/forum-api/src/Domains/users/entities/RegisteredUser.js">
        <metrics statements="10" coveredstatements="10" conditionals="10" coveredconditionals="10" methods="2" coveredmethods="2"/>
        <line num="3" count="8" type="stmt"/>
        <line num="5" count="6" type="stmt"/>
        <line num="7" count="6" type="stmt"/>
        <line num="8" count="6" type="stmt"/>
        <line num="9" count="6" type="stmt"/>
        <line num="13" count="8" type="cond" truecount="5" falsecount="0"/>
        <line num="14" count="1" type="stmt"/>
        <line num="17" count="7" type="cond" truecount="5" falsecount="0"/>
        <line num="18" count="1" type="stmt"/>
        <line num="23" count="8" type="stmt"/>
      </file>
      <file name="UserLogin.js" path="/home/dimas/Project/forum-api/src/Domains/users/entities/UserLogin.js">
        <metrics statements="9" coveredstatements="9" conditionals="8" coveredconditionals="8" methods="2" coveredmethods="2"/>
        <line num="3" count="10" type="stmt"/>
        <line num="5" count="6" type="stmt"/>
        <line num="6" count="6" type="stmt"/>
        <line num="10" count="10" type="stmt"/>
        <line num="12" count="10" type="cond" truecount="4" falsecount="0"/>
        <line num="13" count="2" type="stmt"/>
        <line num="16" count="8" type="cond" truecount="4" falsecount="0"/>
        <line num="17" count="2" type="stmt"/>
        <line num="22" count="8" type="stmt"/>
      </file>
    </package>
    <package name="src.Infrastructures">
      <metrics statements="33" coveredstatements="33" conditionals="0" coveredconditionals="0" methods="0" coveredmethods="0"/>
      <file name="container.js" path="/home/dimas/Project/forum-api/src/Infrastructures/container.js">
        <metrics statements="33" coveredstatements="33" conditionals="0" coveredconditionals="0" methods="0" coveredmethods="0"/>
        <line num="1" count="5" type="stmt"/>
        <line num="4" count="5" type="stmt"/>
        <line num="5" count="5" type="stmt"/>
        <line num="6" count="5" type="stmt"/>
        <line num="7" count="5" type="stmt"/>
        <line num="10" count="5" type="stmt"/>
        <line num="11" count="5" type="stmt"/>
        <line num="12" count="5" type="stmt"/>
        <line num="13" count="5" type="stmt"/>
        <line num="16" count="5" type="stmt"/>
        <line num="17" count="5" type="stmt"/>
        <line num="18" count="5" type="stmt"/>
        <line num="19" count="5" type="stmt"/>
        <line num="20" count="5" type="stmt"/>
        <line num="21" count="5" type="stmt"/>
        <line num="22" count="5" type="stmt"/>
        <line num="23" count="5" type="stmt"/>
        <line num="24" count="5" type="stmt"/>
        <line num="25" count="5" type="stmt"/>
        <line num="26" count="5" type="stmt"/>
        <line num="27" count="5" type="stmt"/>
        <line num="28" count="5" type="stmt"/>
        <line num="29" count="5" type="stmt"/>
        <line num="30" count="5" type="stmt"/>
        <line num="31" count="5" type="stmt"/>
        <line num="32" count="5" type="stmt"/>
        <line num="33" count="5" type="stmt"/>
        <line num="34" count="5" type="stmt"/>
        <line num="35" count="5" type="stmt"/>
        <line num="38" count="5" type="stmt"/>
        <line num="41" count="5" type="stmt"/>
        <line num="134" count="5" type="stmt"/>
        <line num="343" count="5" type="stmt"/>
      </file>
    </package>
    <package name="src.Infrastructures.http">
      <metrics statements="32" coveredstatements="32" conditionals="6" coveredconditionals="6" methods="3" coveredmethods="3"/>
      <file name="createServer.js" path="/home/dimas/Project/forum-api/src/Infrastructures/http/createServer.js">
        <metrics statements="32" coveredstatements="32" conditionals="6" coveredconditionals="6" methods="3" coveredmethods="3"/>
        <line num="1" count="6" type="stmt"/>
        <line num="2" count="6" type="stmt"/>
        <line num="3" count="6" type="stmt"/>
        <line num="4" count="6" type="stmt"/>
        <line num="5" count="6" type="stmt"/>
        <line num="6" count="6" type="stmt"/>
        <line num="7" count="6" type="stmt"/>
        <line num="8" count="6" type="stmt"/>
        <line num="9" count="6" type="stmt"/>
        <line num="11" count="6" type="stmt"/>
        <line num="12" count="41" type="stmt"/>
        <line num="17" count="41" type="stmt"/>
        <line num="23" count="41" type="stmt"/>
        <line num="31" count="13" type="stmt"/>
        <line num="39" count="41" type="stmt"/>
        <line num="62" count="41" type="stmt"/>
        <line num="64" count="44" type="stmt"/>
        <line num="66" count="44" type="cond" truecount="2" falsecount="0"/>
        <line num="67" count="40" type="stmt"/>
        <line num="69" count="40" type="stmt"/>
        <line num="72" count="40" type="cond" truecount="2" falsecount="0"/>
        <line num="73" count="32" type="stmt"/>
        <line num="77" count="32" type="stmt"/>
        <line num="78" count="32" type="stmt"/>
        <line num="82" count="8" type="cond" truecount="2" falsecount="0"/>
        <line num="83" count="6" type="stmt"/>
        <line num="87" count="2" type="stmt"/>
        <line num="91" count="2" type="stmt"/>
        <line num="92" count="2" type="stmt"/>
        <line num="96" count="4" type="stmt"/>
        <line num="99" count="41" type="stmt"/>
        <line num="102" count="6" type="stmt"/>
      </file>
    </package>
    <package name="src.Infrastructures.repository">
      <metrics statements="125" coveredstatements="124" conditionals="22" coveredconditionals="20" methods="24" coveredmethods="24"/>
      <file name="AuthenticationRepositoryPostgres.js" path="/home/dimas/Project/forum-api/src/Infrastructures/repository/AuthenticationRepositoryPostgres.js">
        <metrics statements="13" coveredstatements="13" conditionals="2" coveredconditionals="2" methods="4" coveredmethods="4"/>
        <line num="1" count="6" type="stmt"/>
        <line num="2" count="6" type="stmt"/>
        <line num="6" count="5" type="stmt"/>
        <line num="7" count="5" type="stmt"/>
        <line num="11" count="1" type="stmt"/>
        <line num="16" count="1" type="stmt"/>
        <line num="20" count="5" type="stmt"/>
        <line num="25" count="5" type="stmt"/>
        <line num="27" count="5" type="cond" truecount="2" falsecount="0"/>
        <line num="28" count="3" type="stmt"/>
        <line num="33" count="2" type="stmt"/>
        <line num="38" count="2" type="stmt"/>
        <line num="42" count="6" type="stmt"/>
      </file>
      <file name="CommentReplyRepositoryPostgres.js" path="/home/dimas/Project/forum-api/src/Infrastructures/repository/CommentReplyRepositoryPostgres.js">
        <metrics statements="28" coveredstatements="27" conditionals="4" coveredconditionals="2" methods="5" coveredmethods="5"/>
        <line num="1" count="6" type="stmt"/>
        <line num="2" count="6" type="stmt"/>
        <line num="3" count="6" type="stmt"/>
        <line num="4" count="6" type="stmt"/>
        <line num="8" count="9" type="stmt"/>
        <line num="9" count="9" type="stmt"/>
        <line num="10" count="9" type="stmt"/>
        <line num="16" count="1" type="stmt"/>
        <line num="17" count="1" type="stmt"/>
        <line num="18" count="1" type="stmt"/>
        <line num="19" count="1" type="stmt"/>
        <line num="21" count="1" type="stmt"/>
        <line num="26" count="1" type="stmt"/>
        <line num="28" count="1" type="stmt"/>
        <line num="36" count="1" type="stmt"/>
        <line num="46" count="1" type="stmt"/>
        <line num="48" count="1" type="stmt"/>
        <line num="52" count="1" type="stmt"/>
        <line num="57" count="1" type="stmt"/>
        <line num="59" count="1" type="cond" truecount="1" falsecount="1"/>
        <line num="60" count="1" type="stmt"/>
        <line num="65" count="1" type="stmt"/>
        <line num="66" count="1" type="stmt"/>
        <line num="71" count="1" type="stmt"/>
        <line num="73" count="1" type="cond" truecount="1" falsecount="1"/>
        <line num="74" count="1" type="stmt"/>
        <line num="77" count="0" type="stmt"/>
        <line num="81" count="6" type="stmt"/>
      </file>
      <file name="CommentRepositoryPostgres.js" path="/home/dimas/Project/forum-api/src/Infrastructures/repository/CommentRepositoryPostgres.js">
        <metrics statements="29" coveredstatements="29" conditionals="4" coveredconditionals="4" methods="5" coveredmethods="5"/>
        <line num="1" count="6" type="stmt"/>
        <line num="2" count="6" type="stmt"/>
        <line num="3" count="6" type="stmt"/>
        <line num="4" count="6" type="stmt"/>
        <line num="8" count="10" type="stmt"/>
        <line num="9" count="10" type="stmt"/>
        <line num="10" count="10" type="stmt"/>
        <line num="14" count="2" type="stmt"/>
        <line num="15" count="2" type="stmt"/>
        <line num="16" count="2" type="stmt"/>
        <line num="17" count="2" type="stmt"/>
        <line num="19" count="2" type="stmt"/>
        <line num="24" count="2" type="stmt"/>
        <line num="26" count="2" type="stmt"/>
        <line num="34" count="2" type="stmt"/>
        <line num="44" count="2" type="stmt"/>
        <line num="46" count="2" type="stmt"/>
        <line num="50" count="5" type="stmt"/>
        <line num="55" count="5" type="stmt"/>
        <line num="57" count="5" type="cond" truecount="2" falsecount="0"/>
        <line num="58" count="3" type="stmt"/>
        <line num="61" count="2" type="stmt"/>
        <line num="65" count="2" type="stmt"/>
        <line num="66" count="2" type="stmt"/>
        <line num="71" count="2" type="stmt"/>
        <line num="73" count="2" type="cond" truecount="2" falsecount="0"/>
        <line num="74" count="1" type="stmt"/>
        <line num="77" count="1" type="stmt"/>
        <line num="81" count="6" type="stmt"/>
      </file>
      <file name="ThreadRepositoryPostgres.js" path="/home/dimas/Project/forum-api/src/Infrastructures/repository/ThreadRepositoryPostgres.js">
        <metrics statements="23" coveredstatements="23" conditionals="4" coveredconditionals="4" methods="4" coveredmethods="4"/>
        <line num="1" count="6" type="stmt"/>
        <line num="2" count="6" type="stmt"/>
        <line num="3" count="6" type="stmt"/>
        <line num="4" count="6" type="stmt"/>
        <line num="8" count="8" type="stmt"/>
        <line num="9" count="8" type="stmt"/>
        <line num="10" count="8" type="stmt"/>
        <line num="14" count="2" type="stmt"/>
        <line num="15" count="2" type="stmt"/>
        <line num="16" count="2" type="stmt"/>
        <line num="18" count="2" type="stmt"/>
        <line num="23" count="2" type="stmt"/>
        <line num="25" count="2" type="stmt"/>
        <line num="33" count="3" type="stmt"/>
        <line num="41" count="3" type="stmt"/>
        <line num="42" count="3" type="cond" truecount="2" falsecount="0"/>
        <line num="43" count="1" type="stmt"/>
        <line num="45" count="2" type="stmt"/>
        <line num="49" count="8" type="stmt"/>
        <line num="54" count="8" type="stmt"/>
        <line num="56" count="8" type="cond" truecount="2" falsecount="0"/>
        <line num="57" count="2" type="stmt"/>
        <line num="62" count="6" type="stmt"/>
      </file>
      <file name="UserRepositoryPostgres.js" path="/home/dimas/Project/forum-api/src/Infrastructures/repository/UserRepositoryPostgres.js">
        <metrics statements="32" coveredstatements="32" conditionals="8" coveredconditionals="8" methods="6" coveredmethods="6"/>
        <line num="1" count="6" type="stmt"/>
        <line num="2" count="6" type="stmt"/>
        <line num="3" count="6" type="stmt"/>
        <line num="4" count="6" type="stmt"/>
        <line num="8" count="12" type="stmt"/>
        <line num="9" count="12" type="stmt"/>
        <line num="10" count="12" type="stmt"/>
        <line num="14" count="6" type="stmt"/>
        <line num="19" count="6" type="stmt"/>
        <line num="21" count="6" type="cond" truecount="2" falsecount="0"/>
        <line num="22" count="4" type="stmt"/>
        <line num="27" count="3" type="stmt"/>
        <line num="28" count="3" type="stmt"/>
        <line num="30" count="3" type="stmt"/>
        <line num="35" count="3" type="stmt"/>
        <line num="37" count="2" type="stmt"/>
        <line num="41" count="6" type="stmt"/>
        <line num="46" count="6" type="stmt"/>
        <line num="48" count="6" type="cond" truecount="2" falsecount="0"/>
        <line num="49" count="1" type="stmt"/>
        <line num="52" count="5" type="stmt"/>
        <line num="56" count="2" type="stmt"/>
        <line num="61" count="2" type="stmt"/>
        <line num="63" count="2" type="cond" truecount="2" falsecount="0"/>
        <line num="64" count="1" type="stmt"/>
        <line num="67" count="1" type="stmt"/>
        <line num="69" count="1" type="stmt"/>
        <line num="73" count="13" type="stmt"/>
        <line num="78" count="13" type="stmt"/>
        <line num="80" count="13" type="cond" truecount="2" falsecount="0"/>
        <line num="81" count="5" type="stmt"/>
        <line num="86" count="6" type="stmt"/>
      </file>
    </package>
    <package name="src.Infrastructures.security">
      <metrics statements="23" coveredstatements="23" conditionals="3" coveredconditionals="3" methods="8" coveredmethods="8"/>
      <file name="BcryptPasswordHash.js" path="/home/dimas/Project/forum-api/src/Infrastructures/security/BcryptPasswordHash.js">
        <metrics statements="10" coveredstatements="10" conditionals="3" coveredconditionals="3" methods="3" coveredmethods="3"/>
        <line num="1" count="6" type="stmt"/>
        <line num="2" count="6" type="stmt"/>
        <line num="6" count="5" type="stmt"/>
        <line num="7" count="5" type="stmt"/>
        <line num="8" count="5" type="stmt"/>
        <line num="12" count="3" type="stmt"/>
        <line num="16" count="6" type="stmt"/>
        <line num="18" count="6" type="cond" truecount="2" falsecount="0"/>
        <line num="19" count="5" type="stmt"/>
        <line num="24" count="6" type="stmt"/>
      </file>
      <file name="JwtTokenManager.js" path="/home/dimas/Project/forum-api/src/Infrastructures/security/JwtTokenManager.js">
        <metrics statements="13" coveredstatements="13" conditionals="0" coveredconditionals="0" methods="5" coveredmethods="5"/>
        <line num="1" count="6" type="stmt"/>
        <line num="2" count="6" type="stmt"/>
        <line num="6" count="6" type="stmt"/>
        <line num="7" count="6" type="stmt"/>
        <line num="11" count="3" type="stmt"/>
        <line num="15" count="3" type="stmt"/>
        <line num="19" count="4" type="stmt"/>
        <line num="20" count="4" type="stmt"/>
        <line num="21" count="3" type="stmt"/>
        <line num="23" count="2" type="stmt"/>
        <line num="28" count="1" type="stmt"/>
        <line num="29" count="1" type="stmt"/>
        <line num="33" count="6" type="stmt"/>
      </file>
    </package>
    <package name="src.Interfaces.http.api.authentications">
      <metrics statements="26" coveredstatements="22" conditionals="0" coveredconditionals="0" methods="6" coveredmethods="6"/>
      <file name="handler.js" path="/home/dimas/Project/forum-api/src/Interfaces/http/api/authentications/handler.js">
        <metrics statements="19" coveredstatements="15" conditionals="0" coveredconditionals="0" methods="4" coveredmethods="4"/>
        <line num="1" count="6" type="stmt"/>
        <line num="2" count="6" type="stmt"/>
        <line num="3" count="6" type="stmt"/>
        <line num="7" count="41" type="stmt"/>
        <line num="9" count="41" type="stmt"/>
        <line num="10" count="41" type="stmt"/>
        <line num="11" count="41" type="stmt"/>
        <line num="15" count="6" type="stmt"/>
        <line num="16" count="6" type="stmt"/>
        <line num="17" count="0" type="stmt"/>
        <line num="24" count="0" type="stmt"/>
        <line num="25" count="0" type="stmt"/>
        <line num="29" count="4" type="stmt"/>
        <line num="31" count="4" type="stmt"/>
        <line num="33" count="0" type="stmt"/>
        <line num="42" count="4" type="stmt"/>
        <line num="43" count="4" type="stmt"/>
        <line num="44" count="1" type="stmt"/>
        <line num="50" count="6" type="stmt"/>
      </file>
      <file name="index.js" path="/home/dimas/Project/forum-api/src/Interfaces/http/api/authentications/index.js">
        <metrics statements="5" coveredstatements="5" conditionals="0" coveredconditionals="0" methods="1" coveredmethods="1"/>
        <line num="1" count="6" type="stmt"/>
        <line num="2" count="6" type="stmt"/>
        <line num="4" count="6" type="stmt"/>
        <line num="7" count="41" type="stmt"/>
        <line num="8" count="41" type="stmt"/>
      </file>
      <file name="routes.js" path="/home/dimas/Project/forum-api/src/Interfaces/http/api/authentications/routes.js">
        <metrics statements="2" coveredstatements="2" conditionals="0" coveredconditionals="0" methods="1" coveredmethods="1"/>
        <line num="1" count="41" type="stmt"/>
        <line num="19" count="6" type="stmt"/>
      </file>
    </package>
    <package name="src.Interfaces.http.api.comments">
      <metrics statements="23" coveredstatements="22" conditionals="0" coveredconditionals="0" methods="5" coveredmethods="5"/>
      <file name="handler.js" path="/home/dimas/Project/forum-api/src/Interfaces/http/api/comments/handler.js">
        <metrics statements="16" coveredstatements="15" conditionals="0" coveredconditionals="0" methods="3" coveredmethods="3"/>
        <line num="1" count="6" type="stmt"/>
        <line num="2" count="6" type="stmt"/>
        <line num="6" count="41" type="stmt"/>
        <line num="7" count="41" type="stmt"/>
        <line num="8" count="41" type="stmt"/>
        <line num="12" count="3" type="stmt"/>
        <line num="17" count="3" type="stmt"/>
        <line num="18" count="3" type="stmt"/>
        <line num="20" count="1" type="stmt"/>
        <line num="26" count="1" type="stmt"/>
        <line num="27" count="1" type="stmt"/>
        <line num="31" count="2" type="stmt"/>
        <line num="36" count="2" type="stmt"/>
        <line num="37" count="2" type="stmt"/>
        <line num="39" count="0" type="stmt"/>
        <line num="45" count="6" type="stmt"/>
      </file>
      <file name="index.js" path="/home/dimas/Project/forum-api/src/Interfaces/http/api/comments/index.js">
        <metrics statements="5" coveredstatements="5" conditionals="0" coveredconditionals="0" methods="1" coveredmethods="1"/>
        <line num="1" count="6" type="stmt"/>
        <line num="2" count="6" type="stmt"/>
        <line num="4" count="6" type="stmt"/>
        <line num="7" count="41" type="stmt"/>
        <line num="8" count="41" type="stmt"/>
      </file>
      <file name="routes.js" path="/home/dimas/Project/forum-api/src/Interfaces/http/api/comments/routes.js">
        <metrics statements="2" coveredstatements="2" conditionals="0" coveredconditionals="0" methods="1" coveredmethods="1"/>
        <line num="1" count="41" type="stmt"/>
        <line num="20" count="6" type="stmt"/>
      </file>
    </package>
    <package name="src.Interfaces.http.api.replies">
      <metrics statements="23" coveredstatements="19" conditionals="0" coveredconditionals="0" methods="5" coveredmethods="5"/>
      <file name="handler.js" path="/home/dimas/Project/forum-api/src/Interfaces/http/api/replies/handler.js">
        <metrics statements="16" coveredstatements="12" conditionals="0" coveredconditionals="0" methods="3" coveredmethods="3"/>
        <line num="1" count="6" type="stmt"/>
        <line num="2" count="6" type="stmt"/>
        <line num="6" count="41" type="stmt"/>
        <line num="7" count="41" type="stmt"/>
        <line num="8" count="41" type="stmt"/>
        <line num="12" count="4" type="stmt"/>
        <line num="18" count="4" type="stmt"/>
        <line num="19" count="4" type="stmt"/>
        <line num="21" count="0" type="stmt"/>
        <line num="27" count="0" type="stmt"/>
        <line num="28" count="0" type="stmt"/>
        <line num="32" count="2" type="stmt"/>
        <line num="38" count="2" type="stmt"/>
        <line num="39" count="2" type="stmt"/>
        <line num="41" count="0" type="stmt"/>
        <line num="47" count="6" type="stmt"/>
      </file>
      <file name="index.js" path="/home/dimas/Project/forum-api/src/Interfaces/http/api/replies/index.js">
        <metrics statements="5" coveredstatements="5" conditionals="0" coveredconditionals="0" methods="1" coveredmethods="1"/>
        <line num="1" count="6" type="stmt"/>
        <line num="2" count="6" type="stmt"/>
        <line num="4" count="6" type="stmt"/>
        <line num="7" count="41" type="stmt"/>
        <line num="8" count="41" type="stmt"/>
      </file>
      <file name="routes.js" path="/home/dimas/Project/forum-api/src/Interfaces/http/api/replies/routes.js">
        <metrics statements="2" coveredstatements="2" conditionals="0" coveredconditionals="0" methods="1" coveredmethods="1"/>
        <line num="1" count="41" type="stmt"/>
        <line num="20" count="6" type="stmt"/>
      </file>
    </package>
    <package name="src.Interfaces.http.api.threads">
      <metrics statements="24" coveredstatements="24" conditionals="0" coveredconditionals="0" methods="5" coveredmethods="5"/>
      <file name="handler.js" path="/home/dimas/Project/forum-api/src/Interfaces/http/api/threads/handler.js">
        <metrics statements="17" coveredstatements="17" conditionals="0" coveredconditionals="0" methods="3" coveredmethods="3"/>
        <line num="1" count="6" type="stmt"/>
        <line num="2" count="6" type="stmt"/>
        <line num="6" count="41" type="stmt"/>
        <line num="7" count="41" type="stmt"/>
        <line num="8" count="41" type="stmt"/>
        <line num="12" count="2" type="stmt"/>
        <line num="17" count="2" type="stmt"/>
        <line num="18" count="2" type="stmt"/>
        <line num="20" count="1" type="stmt"/>
        <line num="26" count="1" type="stmt"/>
        <line num="27" count="1" type="stmt"/>
        <line num="31" count="1" type="stmt"/>
        <line num="32" count="1" type="stmt"/>
        <line num="33" count="1" type="stmt"/>
        <line num="35" count="1" type="stmt"/>
        <line num="40" count="1" type="stmt"/>
        <line num="44" count="6" type="stmt"/>
      </file>
      <file name="index.js" path="/home/dimas/Project/forum-api/src/Interfaces/http/api/threads/index.js">
        <metrics statements="5" coveredstatements="5" conditionals="0" coveredconditionals="0" methods="1" coveredmethods="1"/>
        <line num="1" count="6" type="stmt"/>
        <line num="2" count="6" type="stmt"/>
        <line num="4" count="6" type="stmt"/>
        <line num="7" count="41" type="stmt"/>
        <line num="8" count="41" type="stmt"/>
      </file>
      <file name="routes.js" path="/home/dimas/Project/forum-api/src/Interfaces/http/api/threads/routes.js">
        <metrics statements="2" coveredstatements="2" conditionals="0" coveredconditionals="0" methods="1" coveredmethods="1"/>
        <line num="1" count="41" type="stmt"/>
        <line num="17" count="6" type="stmt"/>
      </file>
    </package>
    <package name="src.Interfaces.http.api.users">
      <metrics statements="16" coveredstatements="13" conditionals="0" coveredconditionals="0" methods="4" coveredmethods="4"/>
      <file name="handler.js" path="/home/dimas/Project/forum-api/src/Interfaces/http/api/users/handler.js">
        <metrics statements="9" coveredstatements="6" conditionals="0" coveredconditionals="0" methods="2" coveredmethods="2"/>
        <line num="1" count="6" type="stmt"/>
        <line num="5" count="41" type="stmt"/>
        <line num="7" count="41" type="stmt"/>
        <line num="11" count="10" type="stmt"/>
        <line num="12" count="9" type="stmt"/>
        <line num="14" count="0" type="stmt"/>
        <line num="20" count="0" type="stmt"/>
        <line num="21" count="0" type="stmt"/>
        <line num="25" count="6" type="stmt"/>
      </file>
      <file name="index.js" path="/home/dimas/Project/forum-api/src/Interfaces/http/api/users/index.js">
        <metrics statements="5" coveredstatements="5" conditionals="0" coveredconditionals="0" methods="1" coveredmethods="1"/>
        <line num="1" count="6" type="stmt"/>
        <line num="2" count="6" type="stmt"/>
        <line num="4" count="6" type="stmt"/>
        <line num="7" count="41" type="stmt"/>
        <line num="8" count="41" type="stmt"/>
      </file>
      <file name="routes.js" path="/home/dimas/Project/forum-api/src/Interfaces/http/api/users/routes.js">
        <metrics statements="2" coveredstatements="2" conditionals="0" coveredconditionals="0" methods="1" coveredmethods="1"/>
        <line num="1" count="41" type="stmt"/>
        <line num="9" count="6" type="stmt"/>
      </file>
    </package>
    <package name="tests">
      <metrics statements="27" coveredstatements="27" conditionals="18" coveredconditionals="13" methods="9" coveredmethods="9"/>
      <file name="CommentRepliesTableTestHelper.js" path="/home/dimas/Project/forum-api/tests/CommentRepliesTableTestHelper.js">
        <metrics statements="9" coveredstatements="9" conditionals="7" coveredconditionals="6" methods="3" coveredmethods="3"/>
        <line num="1" count="2" type="stmt"/>
        <line num="3" count="2" type="stmt"/>
        <line num="13" count="6" type="stmt"/>
        <line num="18" count="6" type="stmt"/>
        <line num="22" count="1" type="stmt"/>
        <line num="27" count="1" type="stmt"/>
        <line num="28" count="1" type="stmt"/>
        <line num="32" count="16" type="stmt"/>
        <line num="36" count="2" type="stmt"/>
      </file>
      <file name="CommentsTableTestHelper.js" path="/home/dimas/Project/forum-api/tests/CommentsTableTestHelper.js">
        <metrics statements="9" coveredstatements="9" conditionals="6" coveredconditionals="4" methods="3" coveredmethods="3"/>
        <line num="2" count="4" type="stmt"/>
        <line num="4" count="4" type="stmt"/>
        <line num="13" count="15" type="stmt"/>
        <line num="18" count="15" type="stmt"/>
        <line num="22" count="2" type="stmt"/>
        <line num="27" count="2" type="stmt"/>
        <line num="28" count="2" type="stmt"/>
        <line num="32" count="24" type="stmt"/>
        <line num="36" count="4" type="stmt"/>
      </file>
      <file name="ThreadsTableTestHelper.js" path="/home/dimas/Project/forum-api/tests/ThreadsTableTestHelper.js">
        <metrics statements="9" coveredstatements="9" conditionals="5" coveredconditionals="3" methods="3" coveredmethods="3"/>
        <line num="2" count="6" type="stmt"/>
        <line num="4" count="6" type="stmt"/>
        <line num="12" count="20" type="stmt"/>
        <line num="17" count="20" type="stmt"/>
        <line num="21" count="1" type="stmt"/>
        <line num="26" count="1" type="stmt"/>
        <line num="27" count="1" type="stmt"/>
        <line num="31" count="27" type="stmt"/>
        <line num="35" count="6" type="stmt"/>
      </file>
    </package>
  </project>
</coverage>
