{"/home/dimas/Project/forum-api/src/Applications/security/AuthenticationTokenManager.js": {"path":"/home/dimas/Project/forum-api/src/Applications/security/AuthenticationTokenManager.js","statementMap":{"0":{"start":{"line":3,"column":4},"end":{"line":3,"column":75}},"1":{"start":{"line":7,"column":4},"end":{"line":7,"column":75}},"2":{"start":{"line":11,"column":4},"end":{"line":11,"column":75}},"3":{"start":{"line":15,"column":4},"end":{"line":15,"column":75}},"4":{"start":{"line":19,"column":0},"end":{"line":19,"column":44}}},"fnMap":{"0":{"name":"(anonymous_0)","decl":{"start":{"line":2,"column":2},"end":{"line":2,"column":3}},"loc":{"start":{"line":2,"column":36},"end":{"line":4,"column":3}},"line":2},"1":{"name":"(anonymous_1)","decl":{"start":{"line":6,"column":2},"end":{"line":6,"column":3}},"loc":{"start":{"line":6,"column":35},"end":{"line":8,"column":3}},"line":6},"2":{"name":"(anonymous_2)","decl":{"start":{"line":10,"column":2},"end":{"line":10,"column":3}},"loc":{"start":{"line":10,"column":34},"end":{"line":12,"column":3}},"line":10},"3":{"name":"(anonymous_3)","decl":{"start":{"line":14,"column":2},"end":{"line":14,"column":3}},"loc":{"start":{"line":14,"column":24},"end":{"line":16,"column":3}},"line":14}},"branchMap":{},"s":{"0":1,"1":1,"2":1,"3":1,"4":6},"f":{"0":1,"1":1,"2":1,"3":1},"b":{},"_coverageSchema":"1a1c01bbd47fc00a2c39e90264f33305004495a9","hash":"12524fa0bf13058260b14e42c5b5512ad0ad13a5"}
,"/home/dimas/Project/forum-api/src/Applications/security/PasswordHash.js": {"path":"/home/dimas/Project/forum-api/src/Applications/security/PasswordHash.js","statementMap":{"0":{"start":{"line":3,"column":4},"end":{"line":3,"column":60}},"1":{"start":{"line":7,"column":4},"end":{"line":7,"column":60}},"2":{"start":{"line":11,"column":0},"end":{"line":11,"column":30}}},"fnMap":{"0":{"name":"(anonymous_0)","decl":{"start":{"line":2,"column":2},"end":{"line":2,"column":3}},"loc":{"start":{"line":2,"column":23},"end":{"line":4,"column":3}},"line":2},"1":{"name":"(anonymous_1)","decl":{"start":{"line":6,"column":2},"end":{"line":6,"column":3}},"loc":{"start":{"line":6,"column":42},"end":{"line":8,"column":3}},"line":6}},"branchMap":{},"s":{"0":1,"1":1,"2":6},"f":{"0":1,"1":1},"b":{},"_coverageSchema":"1a1c01bbd47fc00a2c39e90264f33305004495a9","hash":"42a52f0f49e9b0a96b9214cbb9baf0d1be06cbf3"}
,"/home/dimas/Project/forum-api/src/Applications/use_case/AddUserUseCase.js": {"path":"/home/dimas/Project/forum-api/src/Applications/use_case/AddUserUseCase.js","statementMap":{"0":{"start":{"line":1,"column":21},"end":{"line":1,"column":73}},"1":{"start":{"line":5,"column":4},"end":{"line":5,"column":42}},"2":{"start":{"line":6,"column":4},"end":{"line":6,"column":38}},"3":{"start":{"line":10,"column":25},"end":{"line":10,"column":57}},"4":{"start":{"line":11,"column":4},"end":{"line":11,"column":78}},"5":{"start":{"line":12,"column":4},"end":{"line":12,"column":81}},"6":{"start":{"line":13,"column":4},"end":{"line":13,"column":54}},"7":{"start":{"line":17,"column":0},"end":{"line":17,"column":32}}},"fnMap":{"0":{"name":"(anonymous_0)","decl":{"start":{"line":4,"column":2},"end":{"line":4,"column":3}},"loc":{"start":{"line":4,"column":48},"end":{"line":7,"column":3}},"line":4},"1":{"name":"(anonymous_1)","decl":{"start":{"line":9,"column":2},"end":{"line":9,"column":3}},"loc":{"start":{"line":9,"column":32},"end":{"line":14,"column":3}},"line":9}},"branchMap":{},"s":{"0":4,"1":3,"2":3,"3":9,"4":5,"5":1,"6":1,"7":4},"f":{"0":3,"1":9},"b":{},"_coverageSchema":"1a1c01bbd47fc00a2c39e90264f33305004495a9","hash":"50d4107a0515ceeed288774f84e919ecce66e030"}
,"/home/dimas/Project/forum-api/src/Applications/use_case/DeleteAuthenticationUseCase.js": {"path":"/home/dimas/Project/forum-api/src/Applications/use_case/DeleteAuthenticationUseCase.js","statementMap":{"0":{"start":{"line":5,"column":4},"end":{"line":5,"column":62}},"1":{"start":{"line":9,"column":4},"end":{"line":9,"column":42}},"2":{"start":{"line":10,"column":29},"end":{"line":10,"column":43}},"3":{"start":{"line":11,"column":4},"end":{"line":11,"column":78}},"4":{"start":{"line":12,"column":4},"end":{"line":12,"column":67}},"5":{"start":{"line":16,"column":29},"end":{"line":16,"column":36}},"6":{"start":{"line":17,"column":4},"end":{"line":19,"column":5}},"7":{"start":{"line":18,"column":6},"end":{"line":18,"column":82}},"8":{"start":{"line":21,"column":4},"end":{"line":23,"column":5}},"9":{"start":{"line":22,"column":6},"end":{"line":22,"column":97}},"10":{"start":{"line":27,"column":0},"end":{"line":27,"column":45}}},"fnMap":{"0":{"name":"(anonymous_0)","decl":{"start":{"line":2,"column":2},"end":{"line":2,"column":3}},"loc":{"start":{"line":4,"column":5},"end":{"line":6,"column":3}},"line":4},"1":{"name":"(anonymous_1)","decl":{"start":{"line":8,"column":2},"end":{"line":8,"column":3}},"loc":{"start":{"line":8,"column":32},"end":{"line":13,"column":3}},"line":8},"2":{"name":"(anonymous_2)","decl":{"start":{"line":15,"column":2},"end":{"line":15,"column":3}},"loc":{"start":{"line":15,"column":28},"end":{"line":24,"column":3}},"line":15}},"branchMap":{"0":{"loc":{"start":{"line":17,"column":4},"end":{"line":19,"column":5}},"type":"if","locations":[{"start":{"line":17,"column":4},"end":{"line":19,"column":5}},{"start":{},"end":{}}],"line":17},"1":{"loc":{"start":{"line":21,"column":4},"end":{"line":23,"column":5}},"type":"if","locations":[{"start":{"line":21,"column":4},"end":{"line":23,"column":5}},{"start":{},"end":{}}],"line":21}},"s":{"0":3,"1":3,"2":1,"3":1,"4":1,"5":3,"6":3,"7":1,"8":2,"9":1,"10":1},"f":{"0":3,"1":3,"2":3},"b":{"0":[1,2],"1":[1,1]},"_coverageSchema":"1a1c01bbd47fc00a2c39e90264f33305004495a9","hash":"a492b14c71204bbc9d0665c16aa36bea027d5f46"}
,"/home/dimas/Project/forum-api/src/Applications/use_case/LoginUserUseCase.js": {"path":"/home/dimas/Project/forum-api/src/Applications/use_case/LoginUserUseCase.js","statementMap":{"0":{"start":{"line":1,"column":18},"end":{"line":1,"column":67}},"1":{"start":{"line":2,"column":26},"end":{"line":2,"column":83}},"2":{"start":{"line":11,"column":4},"end":{"line":11,"column":42}},"3":{"start":{"line":12,"column":4},"end":{"line":12,"column":62}},"4":{"start":{"line":13,"column":4},"end":{"line":13,"column":66}},"5":{"start":{"line":14,"column":4},"end":{"line":14,"column":38}},"6":{"start":{"line":18,"column":35},"end":{"line":18,"column":64}},"7":{"start":{"line":20,"column":30},"end":{"line":20,"column":88}},"8":{"start":{"line":22,"column":4},"end":{"line":22,"column":74}},"9":{"start":{"line":24,"column":15},"end":{"line":24,"column":67}},"10":{"start":{"line":26,"column":24},"end":{"line":27,"column":42}},"11":{"start":{"line":28,"column":25},"end":{"line":29,"column":43}},"12":{"start":{"line":31,"column":30},"end":{"line":34,"column":6}},"13":{"start":{"line":36,"column":4},"end":{"line":36,"column":82}},"14":{"start":{"line":38,"column":4},"end":{"line":38,"column":29}},"15":{"start":{"line":42,"column":0},"end":{"line":42,"column":34}}},"fnMap":{"0":{"name":"(anonymous_0)","decl":{"start":{"line":5,"column":2},"end":{"line":5,"column":3}},"loc":{"start":{"line":10,"column":5},"end":{"line":15,"column":3}},"line":10},"1":{"name":"(anonymous_1)","decl":{"start":{"line":17,"column":2},"end":{"line":17,"column":3}},"loc":{"start":{"line":17,"column":32},"end":{"line":39,"column":3}},"line":17}},"branchMap":{},"s":{"0":4,"1":4,"2":2,"3":2,"4":2,"5":2,"6":7,"7":5,"8":1,"9":1,"10":1,"11":1,"12":1,"13":1,"14":1,"15":4},"f":{"0":2,"1":7},"b":{},"_coverageSchema":"1a1c01bbd47fc00a2c39e90264f33305004495a9","hash":"8543a11372444074451e9ffad6bf39740e151ee2"}
,"/home/dimas/Project/forum-api/src/Applications/use_case/LogoutUserUseCase.js": {"path":"/home/dimas/Project/forum-api/src/Applications/use_case/LogoutUserUseCase.js","statementMap":{"0":{"start":{"line":5,"column":4},"end":{"line":5,"column":62}},"1":{"start":{"line":9,"column":4},"end":{"line":9,"column":42}},"2":{"start":{"line":10,"column":29},"end":{"line":10,"column":43}},"3":{"start":{"line":11,"column":4},"end":{"line":11,"column":78}},"4":{"start":{"line":12,"column":4},"end":{"line":12,"column":67}},"5":{"start":{"line":16,"column":29},"end":{"line":16,"column":36}},"6":{"start":{"line":17,"column":4},"end":{"line":19,"column":5}},"7":{"start":{"line":18,"column":6},"end":{"line":18,"column":82}},"8":{"start":{"line":21,"column":4},"end":{"line":23,"column":5}},"9":{"start":{"line":22,"column":6},"end":{"line":22,"column":97}},"10":{"start":{"line":27,"column":0},"end":{"line":27,"column":35}}},"fnMap":{"0":{"name":"(anonymous_0)","decl":{"start":{"line":2,"column":2},"end":{"line":2,"column":3}},"loc":{"start":{"line":4,"column":5},"end":{"line":6,"column":3}},"line":4},"1":{"name":"(anonymous_1)","decl":{"start":{"line":8,"column":2},"end":{"line":8,"column":3}},"loc":{"start":{"line":8,"column":32},"end":{"line":13,"column":3}},"line":8},"2":{"name":"(anonymous_2)","decl":{"start":{"line":15,"column":2},"end":{"line":15,"column":3}},"loc":{"start":{"line":15,"column":28},"end":{"line":24,"column":3}},"line":15}},"branchMap":{"0":{"loc":{"start":{"line":17,"column":4},"end":{"line":19,"column":5}},"type":"if","locations":[{"start":{"line":17,"column":4},"end":{"line":19,"column":5}},{"start":{},"end":{}}],"line":17},"1":{"loc":{"start":{"line":21,"column":4},"end":{"line":23,"column":5}},"type":"if","locations":[{"start":{"line":21,"column":4},"end":{"line":23,"column":5}},{"start":{},"end":{}}],"line":21}},"s":{"0":4,"1":6,"2":2,"3":2,"4":1,"5":6,"6":6,"7":2,"8":4,"9":2,"10":4},"f":{"0":4,"1":6,"2":6},"b":{"0":[2,4],"1":[2,2]},"_coverageSchema":"1a1c01bbd47fc00a2c39e90264f33305004495a9","hash":"60d2dc1bfa5a795fa07d1f0b8e1516ea33d224ff"}
,"/home/dimas/Project/forum-api/src/Applications/use_case/RefreshAuthenticationUseCase.js": {"path":"/home/dimas/Project/forum-api/src/Applications/use_case/RefreshAuthenticationUseCase.js","statementMap":{"0":{"start":{"line":6,"column":4},"end":{"line":6,"column":62}},"1":{"start":{"line":7,"column":4},"end":{"line":7,"column":66}},"2":{"start":{"line":11,"column":4},"end":{"line":11,"column":40}},"3":{"start":{"line":12,"column":29},"end":{"line":12,"column":43}},"4":{"start":{"line":14,"column":4},"end":{"line":14,"column":76}},"5":{"start":{"line":15,"column":4},"end":{"line":15,"column":78}},"6":{"start":{"line":17,"column":29},"end":{"line":17,"column":95}},"7":{"start":{"line":19,"column":4},"end":{"line":19,"column":80}},"8":{"start":{"line":23,"column":29},"end":{"line":23,"column":36}},"9":{"start":{"line":25,"column":4},"end":{"line":27,"column":5}},"10":{"start":{"line":26,"column":6},"end":{"line":26,"column":83}},"11":{"start":{"line":29,"column":4},"end":{"line":31,"column":5}},"12":{"start":{"line":30,"column":6},"end":{"line":30,"column":98}},"13":{"start":{"line":35,"column":0},"end":{"line":35,"column":46}}},"fnMap":{"0":{"name":"(anonymous_0)","decl":{"start":{"line":2,"column":2},"end":{"line":2,"column":3}},"loc":{"start":{"line":5,"column":5},"end":{"line":8,"column":3}},"line":5},"1":{"name":"(anonymous_1)","decl":{"start":{"line":10,"column":2},"end":{"line":10,"column":3}},"loc":{"start":{"line":10,"column":32},"end":{"line":20,"column":3}},"line":10},"2":{"name":"(anonymous_2)","decl":{"start":{"line":22,"column":2},"end":{"line":22,"column":3}},"loc":{"start":{"line":22,"column":26},"end":{"line":32,"column":3}},"line":22}},"branchMap":{"0":{"loc":{"start":{"line":25,"column":4},"end":{"line":27,"column":5}},"type":"if","locations":[{"start":{"line":25,"column":4},"end":{"line":27,"column":5}},{"start":{},"end":{}}],"line":25},"1":{"loc":{"start":{"line":29,"column":4},"end":{"line":31,"column":5}},"type":"if","locations":[{"start":{"line":29,"column":4},"end":{"line":31,"column":5}},{"start":{},"end":{}}],"line":29}},"s":{"0":4,"1":4,"2":7,"3":3,"4":3,"5":2,"6":1,"7":1,"8":7,"9":7,"10":2,"11":5,"12":2,"13":4},"f":{"0":4,"1":7,"2":7},"b":{"0":[2,5],"1":[2,3]},"_coverageSchema":"1a1c01bbd47fc00a2c39e90264f33305004495a9","hash":"851d21348ad00219e09bf9da4d16fe0e212df552"}
,"/home/dimas/Project/forum-api/src/Commons/exceptions/AuthenticationError.js": {"path":"/home/dimas/Project/forum-api/src/Commons/exceptions/AuthenticationError.js","statementMap":{"0":{"start":{"line":1,"column":20},"end":{"line":1,"column":44}},"1":{"start":{"line":5,"column":4},"end":{"line":5,"column":24}},"2":{"start":{"line":6,"column":4},"end":{"line":6,"column":38}},"3":{"start":{"line":10,"column":0},"end":{"line":10,"column":37}}},"fnMap":{"0":{"name":"(anonymous_0)","decl":{"start":{"line":4,"column":2},"end":{"line":4,"column":3}},"loc":{"start":{"line":4,"column":23},"end":{"line":7,"column":3}},"line":4}},"branchMap":{},"s":{"0":4,"1":2,"2":2,"3":4},"f":{"0":2},"b":{},"_coverageSchema":"1a1c01bbd47fc00a2c39e90264f33305004495a9","hash":"018120d83b2e12267b26ff27755ec325c0e0ecde"}
,"/home/dimas/Project/forum-api/src/Commons/exceptions/AuthorizationError.js": {"path":"/home/dimas/Project/forum-api/src/Commons/exceptions/AuthorizationError.js","statementMap":{"0":{"start":{"line":1,"column":20},"end":{"line":1,"column":44}},"1":{"start":{"line":5,"column":4},"end":{"line":5,"column":24}},"2":{"start":{"line":6,"column":4},"end":{"line":6,"column":37}},"3":{"start":{"line":10,"column":0},"end":{"line":10,"column":36}}},"fnMap":{"0":{"name":"(anonymous_0)","decl":{"start":{"line":4,"column":2},"end":{"line":4,"column":3}},"loc":{"start":{"line":4,"column":23},"end":{"line":7,"column":3}},"line":4}},"branchMap":{},"s":{"0":1,"1":1,"2":1,"3":1},"f":{"0":1},"b":{},"_coverageSchema":"1a1c01bbd47fc00a2c39e90264f33305004495a9","hash":"fa045101f67dad9875d0304e01018bc320a080f3"}
,"/home/dimas/Project/forum-api/src/Commons/exceptions/ClientError.js": {"path":"/home/dimas/Project/forum-api/src/Commons/exceptions/ClientError.js","statementMap":{"0":{"start":{"line":3,"column":4},"end":{"line":3,"column":19}},"1":{"start":{"line":5,"column":4},"end":{"line":7,"column":5}},"2":{"start":{"line":6,"column":6},"end":{"line":6,"column":59}},"3":{"start":{"line":9,"column":4},"end":{"line":9,"column":33}},"4":{"start":{"line":10,"column":4},"end":{"line":10,"column":30}},"5":{"start":{"line":14,"column":0},"end":{"line":14,"column":29}}},"fnMap":{"0":{"name":"(anonymous_0)","decl":{"start":{"line":2,"column":2},"end":{"line":2,"column":3}},"loc":{"start":{"line":2,"column":41},"end":{"line":11,"column":3}},"line":2}},"branchMap":{"0":{"loc":{"start":{"line":2,"column":23},"end":{"line":2,"column":39}},"type":"default-arg","locations":[{"start":{"line":2,"column":36},"end":{"line":2,"column":39}}],"line":2},"1":{"loc":{"start":{"line":5,"column":4},"end":{"line":7,"column":5}},"type":"if","locations":[{"start":{"line":5,"column":4},"end":{"line":7,"column":5}},{"start":{},"end":{}}],"line":5}},"s":{"0":52,"1":52,"2":1,"3":51,"4":51,"5":13},"f":{"0":52},"b":{"0":[48],"1":[1,51]},"_coverageSchema":"1a1c01bbd47fc00a2c39e90264f33305004495a9","hash":"9a276ab7aa56b6f783a7d6ff2bb1edcbbe19ca93"}
,"/home/dimas/Project/forum-api/src/Commons/exceptions/DomainErrorTranslator.js": {"path":"/home/dimas/Project/forum-api/src/Commons/exceptions/DomainErrorTranslator.js","statementMap":{"0":{"start":{"line":1,"column":23},"end":{"line":1,"column":50}},"1":{"start":{"line":3,"column":30},"end":{"line":7,"column":1}},"2":{"start":{"line":5,"column":4},"end":{"line":5,"column":70}},"3":{"start":{"line":9,"column":0},"end":{"line":20,"column":2}},"4":{"start":{"line":22,"column":0},"end":{"line":22,"column":39}}},"fnMap":{"0":{"name":"(anonymous_0)","decl":{"start":{"line":4,"column":2},"end":{"line":4,"column":3}},"loc":{"start":{"line":4,"column":19},"end":{"line":6,"column":3}},"line":4}},"branchMap":{"0":{"loc":{"start":{"line":5,"column":11},"end":{"line":5,"column":69}},"type":"binary-expr","locations":[{"start":{"line":5,"column":11},"end":{"line":5,"column":60}},{"start":{"line":5,"column":64},"end":{"line":5,"column":69}}],"line":5}},"s":{"0":4,"1":4,"2":28,"3":4,"4":4},"f":{"0":28},"b":{"0":[28,14]},"_coverageSchema":"1a1c01bbd47fc00a2c39e90264f33305004495a9","hash":"f0072e252e3f80ea2b8418ac14af1bb04c30c1f2"}
,"/home/dimas/Project/forum-api/src/Commons/exceptions/InvariantError.js": {"path":"/home/dimas/Project/forum-api/src/Commons/exceptions/InvariantError.js","statementMap":{"0":{"start":{"line":1,"column":20},"end":{"line":1,"column":44}},"1":{"start":{"line":5,"column":4},"end":{"line":5,"column":19}},"2":{"start":{"line":6,"column":4},"end":{"line":6,"column":33}},"3":{"start":{"line":10,"column":0},"end":{"line":10,"column":32}}},"fnMap":{"0":{"name":"(anonymous_0)","decl":{"start":{"line":4,"column":2},"end":{"line":4,"column":3}},"loc":{"start":{"line":4,"column":23},"end":{"line":7,"column":3}},"line":4}},"branchMap":{},"s":{"0":8,"1":47,"2":47,"3":8},"f":{"0":47},"b":{},"_coverageSchema":"1a1c01bbd47fc00a2c39e90264f33305004495a9","hash":"a991d76327810b7d74a0bfaffcf09ee8c77a981e"}
,"/home/dimas/Project/forum-api/src/Commons/exceptions/NotFoundError.js": {"path":"/home/dimas/Project/forum-api/src/Commons/exceptions/NotFoundError.js","statementMap":{"0":{"start":{"line":1,"column":20},"end":{"line":1,"column":44}},"1":{"start":{"line":5,"column":4},"end":{"line":5,"column":24}},"2":{"start":{"line":6,"column":4},"end":{"line":6,"column":32}},"3":{"start":{"line":10,"column":0},"end":{"line":10,"column":31}}},"fnMap":{"0":{"name":"(anonymous_0)","decl":{"start":{"line":4,"column":2},"end":{"line":4,"column":3}},"loc":{"start":{"line":4,"column":23},"end":{"line":7,"column":3}},"line":4}},"branchMap":{},"s":{"0":1,"1":1,"2":1,"3":1},"f":{"0":1},"b":{},"_coverageSchema":"1a1c01bbd47fc00a2c39e90264f33305004495a9","hash":"92050cc6fe39f8850c4593ad8208798b0192584b"}
,"/home/dimas/Project/forum-api/src/Domains/authentications/AuthenticationRepository.js": {"path":"/home/dimas/Project/forum-api/src/Domains/authentications/AuthenticationRepository.js","statementMap":{"0":{"start":{"line":3,"column":4},"end":{"line":3,"column":72}},"1":{"start":{"line":7,"column":4},"end":{"line":7,"column":72}},"2":{"start":{"line":11,"column":4},"end":{"line":11,"column":72}},"3":{"start":{"line":15,"column":0},"end":{"line":15,"column":42}}},"fnMap":{"0":{"name":"(anonymous_0)","decl":{"start":{"line":2,"column":2},"end":{"line":2,"column":3}},"loc":{"start":{"line":2,"column":24},"end":{"line":4,"column":3}},"line":2},"1":{"name":"(anonymous_1)","decl":{"start":{"line":6,"column":2},"end":{"line":6,"column":3}},"loc":{"start":{"line":6,"column":38},"end":{"line":8,"column":3}},"line":6},"2":{"name":"(anonymous_2)","decl":{"start":{"line":10,"column":2},"end":{"line":10,"column":3}},"loc":{"start":{"line":10,"column":27},"end":{"line":12,"column":3}},"line":10}},"branchMap":{},"s":{"0":1,"1":1,"2":1,"3":8},"f":{"0":1,"1":1,"2":1},"b":{},"_coverageSchema":"1a1c01bbd47fc00a2c39e90264f33305004495a9","hash":"160385d4c48d37347e92e8f412b27ed569f84769"}
,"/home/dimas/Project/forum-api/src/Domains/authentications/entities/NewAuth.js": {"path":"/home/dimas/Project/forum-api/src/Domains/authentications/entities/NewAuth.js","statementMap":{"0":{"start":{"line":3,"column":4},"end":{"line":3,"column":33}},"1":{"start":{"line":5,"column":4},"end":{"line":5,"column":43}},"2":{"start":{"line":6,"column":4},"end":{"line":6,"column":45}},"3":{"start":{"line":10,"column":42},"end":{"line":10,"column":49}},"4":{"start":{"line":12,"column":4},"end":{"line":14,"column":5}},"5":{"start":{"line":13,"column":6},"end":{"line":13,"column":62}},"6":{"start":{"line":16,"column":4},"end":{"line":18,"column":5}},"7":{"start":{"line":17,"column":6},"end":{"line":17,"column":67}},"8":{"start":{"line":22,"column":0},"end":{"line":22,"column":25}}},"fnMap":{"0":{"name":"(anonymous_0)","decl":{"start":{"line":2,"column":2},"end":{"line":2,"column":3}},"loc":{"start":{"line":2,"column":23},"end":{"line":7,"column":3}},"line":2},"1":{"name":"(anonymous_1)","decl":{"start":{"line":9,"column":2},"end":{"line":9,"column":3}},"loc":{"start":{"line":9,"column":26},"end":{"line":19,"column":3}},"line":9}},"branchMap":{"0":{"loc":{"start":{"line":12,"column":4},"end":{"line":14,"column":5}},"type":"if","locations":[{"start":{"line":12,"column":4},"end":{"line":14,"column":5}},{"start":{},"end":{}}],"line":12},"1":{"loc":{"start":{"line":12,"column":8},"end":{"line":12,"column":37}},"type":"binary-expr","locations":[{"start":{"line":12,"column":8},"end":{"line":12,"column":20}},{"start":{"line":12,"column":24},"end":{"line":12,"column":37}}],"line":12},"2":{"loc":{"start":{"line":16,"column":4},"end":{"line":18,"column":5}},"type":"if","locations":[{"start":{"line":16,"column":4},"end":{"line":18,"column":5}},{"start":{},"end":{}}],"line":16},"3":{"loc":{"start":{"line":16,"column":8},"end":{"line":16,"column":75}},"type":"binary-expr","locations":[{"start":{"line":16,"column":8},"end":{"line":16,"column":39}},{"start":{"line":16,"column":43},"end":{"line":16,"column":75}}],"line":16}},"s":{"0":6,"1":4,"2":4,"3":6,"4":6,"5":1,"6":5,"7":1,"8":5},"f":{"0":6,"1":6},"b":{"0":[1,5],"1":[6,6],"2":[1,4],"3":[5,5]},"_coverageSchema":"1a1c01bbd47fc00a2c39e90264f33305004495a9","hash":"c248a8a073d636aff487136113834a092a52e425"}
,"/home/dimas/Project/forum-api/src/Domains/threads/ThreadRepository.js": {"path":"/home/dimas/Project/forum-api/src/Domains/threads/ThreadRepository.js","statementMap":{"0":{"start":{"line":3,"column":4},"end":{"line":3,"column":64}},"1":{"start":{"line":7,"column":4},"end":{"line":7,"column":64}},"2":{"start":{"line":11,"column":0},"end":{"line":11,"column":34}}},"fnMap":{"0":{"name":"(anonymous_0)","decl":{"start":{"line":2,"column":2},"end":{"line":2,"column":3}},"loc":{"start":{"line":2,"column":38},"end":{"line":4,"column":3}},"line":2},"1":{"name":"(anonymous_1)","decl":{"start":{"line":6,"column":2},"end":{"line":6,"column":3}},"loc":{"start":{"line":6,"column":32},"end":{"line":8,"column":3}},"line":6}},"branchMap":{},"s":{"0":1,"1":1,"2":1},"f":{"0":1,"1":1},"b":{},"_coverageSchema":"1a1c01bbd47fc00a2c39e90264f33305004495a9","hash":"8b4baaf48fea32b3bb3a316499ffe065fa330128"}
,"/home/dimas/Project/forum-api/src/Domains/users/UserRepository.js": {"path":"/home/dimas/Project/forum-api/src/Domains/users/UserRepository.js","statementMap":{"0":{"start":{"line":3,"column":4},"end":{"line":3,"column":62}},"1":{"start":{"line":7,"column":4},"end":{"line":7,"column":62}},"2":{"start":{"line":11,"column":4},"end":{"line":11,"column":62}},"3":{"start":{"line":15,"column":4},"end":{"line":15,"column":62}},"4":{"start":{"line":19,"column":0},"end":{"line":19,"column":32}}},"fnMap":{"0":{"name":"(anonymous_0)","decl":{"start":{"line":2,"column":2},"end":{"line":2,"column":3}},"loc":{"start":{"line":2,"column":30},"end":{"line":4,"column":3}},"line":2},"1":{"name":"(anonymous_1)","decl":{"start":{"line":6,"column":2},"end":{"line":6,"column":3}},"loc":{"start":{"line":6,"column":42},"end":{"line":8,"column":3}},"line":6},"2":{"name":"(anonymous_2)","decl":{"start":{"line":10,"column":2},"end":{"line":10,"column":3}},"loc":{"start":{"line":10,"column":40},"end":{"line":12,"column":3}},"line":10},"3":{"name":"(anonymous_3)","decl":{"start":{"line":14,"column":2},"end":{"line":14,"column":3}},"loc":{"start":{"line":14,"column":34},"end":{"line":16,"column":3}},"line":14}},"branchMap":{},"s":{"0":1,"1":1,"2":1,"3":1,"4":6},"f":{"0":1,"1":1,"2":1,"3":1},"b":{},"_coverageSchema":"1a1c01bbd47fc00a2c39e90264f33305004495a9","hash":"601b07a664459f4b64a889d700d82ad667196994"}
,"/home/dimas/Project/forum-api/src/Domains/users/entities/RegisterUser.js": {"path":"/home/dimas/Project/forum-api/src/Domains/users/entities/RegisterUser.js","statementMap":{"0":{"start":{"line":3,"column":4},"end":{"line":3,"column":33}},"1":{"start":{"line":5,"column":45},"end":{"line":5,"column":52}},"2":{"start":{"line":7,"column":4},"end":{"line":7,"column":29}},"3":{"start":{"line":8,"column":4},"end":{"line":8,"column":29}},"4":{"start":{"line":9,"column":4},"end":{"line":9,"column":29}},"5":{"start":{"line":13,"column":4},"end":{"line":15,"column":5}},"6":{"start":{"line":14,"column":6},"end":{"line":14,"column":67}},"7":{"start":{"line":17,"column":4},"end":{"line":19,"column":5}},"8":{"start":{"line":18,"column":6},"end":{"line":18,"column":72}},"9":{"start":{"line":21,"column":4},"end":{"line":23,"column":5}},"10":{"start":{"line":22,"column":6},"end":{"line":22,"column":59}},"11":{"start":{"line":25,"column":4},"end":{"line":27,"column":5}},"12":{"start":{"line":26,"column":6},"end":{"line":26,"column":77}},"13":{"start":{"line":31,"column":0},"end":{"line":31,"column":30}}},"fnMap":{"0":{"name":"(anonymous_0)","decl":{"start":{"line":2,"column":2},"end":{"line":2,"column":3}},"loc":{"start":{"line":2,"column":23},"end":{"line":10,"column":3}},"line":2},"1":{"name":"(anonymous_1)","decl":{"start":{"line":12,"column":2},"end":{"line":12,"column":3}},"loc":{"start":{"line":12,"column":51},"end":{"line":28,"column":3}},"line":12}},"branchMap":{"0":{"loc":{"start":{"line":13,"column":4},"end":{"line":15,"column":5}},"type":"if","locations":[{"start":{"line":13,"column":4},"end":{"line":15,"column":5}},{"start":{},"end":{}}],"line":13},"1":{"loc":{"start":{"line":13,"column":8},"end":{"line":13,"column":43}},"type":"binary-expr","locations":[{"start":{"line":13,"column":8},"end":{"line":13,"column":17}},{"start":{"line":13,"column":21},"end":{"line":13,"column":30}},{"start":{"line":13,"column":34},"end":{"line":13,"column":43}}],"line":13},"2":{"loc":{"start":{"line":17,"column":4},"end":{"line":19,"column":5}},"type":"if","locations":[{"start":{"line":17,"column":4},"end":{"line":19,"column":5}},{"start":{},"end":{}}],"line":17},"3":{"loc":{"start":{"line":17,"column":8},"end":{"line":17,"column":100}},"type":"binary-expr","locations":[{"start":{"line":17,"column":8},"end":{"line":17,"column":36}},{"start":{"line":17,"column":40},"end":{"line":17,"column":68}},{"start":{"line":17,"column":72},"end":{"line":17,"column":100}}],"line":17},"4":{"loc":{"start":{"line":21,"column":4},"end":{"line":23,"column":5}},"type":"if","locations":[{"start":{"line":21,"column":4},"end":{"line":23,"column":5}},{"start":{},"end":{}}],"line":21},"5":{"loc":{"start":{"line":25,"column":4},"end":{"line":27,"column":5}},"type":"if","locations":[{"start":{"line":25,"column":4},"end":{"line":27,"column":5}},{"start":{},"end":{}}],"line":25}},"s":{"0":17,"1":9,"2":9,"3":9,"4":9,"5":17,"6":2,"7":15,"8":2,"9":13,"10":2,"11":11,"12":2,"13":6},"f":{"0":17,"1":17},"b":{"0":[2,15],"1":[17,16,16],"2":[2,13],"3":[15,14,14],"4":[2,11],"5":[2,9]},"_coverageSchema":"1a1c01bbd47fc00a2c39e90264f33305004495a9","hash":"c6e83715f91cdada77c6477e06d90d02c71c4be5"}
,"/home/dimas/Project/forum-api/src/Domains/users/entities/RegisteredUser.js": {"path":"/home/dimas/Project/forum-api/src/Domains/users/entities/RegisteredUser.js","statementMap":{"0":{"start":{"line":3,"column":4},"end":{"line":3,"column":33}},"1":{"start":{"line":5,"column":39},"end":{"line":5,"column":46}},"2":{"start":{"line":7,"column":4},"end":{"line":7,"column":17}},"3":{"start":{"line":8,"column":4},"end":{"line":8,"column":29}},"4":{"start":{"line":9,"column":4},"end":{"line":9,"column":29}},"5":{"start":{"line":13,"column":4},"end":{"line":15,"column":5}},"6":{"start":{"line":14,"column":6},"end":{"line":14,"column":69}},"7":{"start":{"line":17,"column":4},"end":{"line":19,"column":5}},"8":{"start":{"line":18,"column":6},"end":{"line":18,"column":74}},"9":{"start":{"line":23,"column":0},"end":{"line":23,"column":32}}},"fnMap":{"0":{"name":"(anonymous_0)","decl":{"start":{"line":2,"column":2},"end":{"line":2,"column":3}},"loc":{"start":{"line":2,"column":23},"end":{"line":10,"column":3}},"line":2},"1":{"name":"(anonymous_1)","decl":{"start":{"line":12,"column":2},"end":{"line":12,"column":3}},"loc":{"start":{"line":12,"column":45},"end":{"line":20,"column":3}},"line":12}},"branchMap":{"0":{"loc":{"start":{"line":13,"column":4},"end":{"line":15,"column":5}},"type":"if","locations":[{"start":{"line":13,"column":4},"end":{"line":15,"column":5}},{"start":{},"end":{}}],"line":13},"1":{"loc":{"start":{"line":13,"column":8},"end":{"line":13,"column":37}},"type":"binary-expr","locations":[{"start":{"line":13,"column":8},"end":{"line":13,"column":11}},{"start":{"line":13,"column":15},"end":{"line":13,"column":24}},{"start":{"line":13,"column":28},"end":{"line":13,"column":37}}],"line":13},"2":{"loc":{"start":{"line":17,"column":4},"end":{"line":19,"column":5}},"type":"if","locations":[{"start":{"line":17,"column":4},"end":{"line":19,"column":5}},{"start":{},"end":{}}],"line":17},"3":{"loc":{"start":{"line":17,"column":8},"end":{"line":17,"column":94}},"type":"binary-expr","locations":[{"start":{"line":17,"column":8},"end":{"line":17,"column":30}},{"start":{"line":17,"column":34},"end":{"line":17,"column":62}},{"start":{"line":17,"column":66},"end":{"line":17,"column":94}}],"line":17}},"s":{"0":5,"1":3,"2":3,"3":3,"4":3,"5":5,"6":1,"7":4,"8":1,"9":5},"f":{"0":5,"1":5},"b":{"0":[1,4],"1":[5,4,4],"2":[1,3],"3":[4,3,3]},"_coverageSchema":"1a1c01bbd47fc00a2c39e90264f33305004495a9","hash":"85ca68740d2c33267a996e8b1810544819f69222"}
,"/home/dimas/Project/forum-api/src/Domains/users/entities/UserLogin.js": {"path":"/home/dimas/Project/forum-api/src/Domains/users/entities/UserLogin.js","statementMap":{"0":{"start":{"line":3,"column":4},"end":{"line":3,"column":33}},"1":{"start":{"line":5,"column":4},"end":{"line":5,"column":37}},"2":{"start":{"line":6,"column":4},"end":{"line":6,"column":37}},"3":{"start":{"line":10,"column":35},"end":{"line":10,"column":42}},"4":{"start":{"line":12,"column":4},"end":{"line":14,"column":5}},"5":{"start":{"line":13,"column":6},"end":{"line":13,"column":64}},"6":{"start":{"line":16,"column":4},"end":{"line":18,"column":5}},"7":{"start":{"line":17,"column":6},"end":{"line":17,"column":69}},"8":{"start":{"line":22,"column":0},"end":{"line":22,"column":27}}},"fnMap":{"0":{"name":"(anonymous_0)","decl":{"start":{"line":2,"column":2},"end":{"line":2,"column":3}},"loc":{"start":{"line":2,"column":23},"end":{"line":7,"column":3}},"line":2},"1":{"name":"(anonymous_1)","decl":{"start":{"line":9,"column":2},"end":{"line":9,"column":3}},"loc":{"start":{"line":9,"column":26},"end":{"line":19,"column":3}},"line":9}},"branchMap":{"0":{"loc":{"start":{"line":12,"column":4},"end":{"line":14,"column":5}},"type":"if","locations":[{"start":{"line":12,"column":4},"end":{"line":14,"column":5}},{"start":{},"end":{}}],"line":12},"1":{"loc":{"start":{"line":12,"column":8},"end":{"line":12,"column":30}},"type":"binary-expr","locations":[{"start":{"line":12,"column":8},"end":{"line":12,"column":17}},{"start":{"line":12,"column":21},"end":{"line":12,"column":30}}],"line":12},"2":{"loc":{"start":{"line":16,"column":4},"end":{"line":18,"column":5}},"type":"if","locations":[{"start":{"line":16,"column":4},"end":{"line":18,"column":5}},{"start":{},"end":{}}],"line":16},"3":{"loc":{"start":{"line":16,"column":8},"end":{"line":16,"column":68}},"type":"binary-expr","locations":[{"start":{"line":16,"column":8},"end":{"line":16,"column":36}},{"start":{"line":16,"column":40},"end":{"line":16,"column":68}}],"line":16}},"s":{"0":10,"1":6,"2":6,"3":10,"4":10,"5":2,"6":8,"7":2,"8":5},"f":{"0":10,"1":10},"b":{"0":[2,8],"1":[10,10],"2":[2,6],"3":[8,7]},"_coverageSchema":"1a1c01bbd47fc00a2c39e90264f33305004495a9","hash":"ccca4233aab57adf372baa2bfeb063e8922b069d"}
,"/home/dimas/Project/forum-api/src/Infrastructures/http/createServer.js": {"path":"/home/dimas/Project/forum-api/src/Infrastructures/http/createServer.js","statementMap":{"0":{"start":{"line":1,"column":13},"end":{"line":1,"column":34}},"1":{"start":{"line":2,"column":20},"end":{"line":2,"column":67}},"2":{"start":{"line":3,"column":30},"end":{"line":3,"column":87}},"3":{"start":{"line":4,"column":14},"end":{"line":4,"column":56}},"4":{"start":{"line":5,"column":24},"end":{"line":5,"column":76}},"5":{"start":{"line":7,"column":21},"end":{"line":61,"column":1}},"6":{"start":{"line":8,"column":17},"end":{"line":11,"column":4}},"7":{"start":{"line":13,"column":2},"end":{"line":22,"column":5}},"8":{"start":{"line":24,"column":2},"end":{"line":58,"column":5}},"9":{"start":{"line":26,"column":25},"end":{"line":26,"column":32}},"10":{"start":{"line":28,"column":4},"end":{"line":54,"column":5}},"11":{"start":{"line":30,"column":30},"end":{"line":30,"column":71}},"12":{"start":{"line":33,"column":6},"end":{"line":40,"column":7}},"13":{"start":{"line":34,"column":28},"end":{"line":37,"column":10}},"14":{"start":{"line":38,"column":8},"end":{"line":38,"column":53}},"15":{"start":{"line":39,"column":8},"end":{"line":39,"column":27}},"16":{"start":{"line":43,"column":6},"end":{"line":45,"column":7}},"17":{"start":{"line":44,"column":8},"end":{"line":44,"column":26}},"18":{"start":{"line":48,"column":26},"end":{"line":51,"column":8}},"19":{"start":{"line":52,"column":6},"end":{"line":52,"column":28}},"20":{"start":{"line":53,"column":6},"end":{"line":53,"column":25}},"21":{"start":{"line":57,"column":4},"end":{"line":57,"column":22}},"22":{"start":{"line":60,"column":2},"end":{"line":60,"column":16}},"23":{"start":{"line":63,"column":0},"end":{"line":63,"column":30}}},"fnMap":{"0":{"name":"(anonymous_0)","decl":{"start":{"line":7,"column":21},"end":{"line":7,"column":22}},"loc":{"start":{"line":7,"column":42},"end":{"line":61,"column":1}},"line":7},"1":{"name":"(anonymous_1)","decl":{"start":{"line":24,"column":30},"end":{"line":24,"column":31}},"loc":{"start":{"line":24,"column":46},"end":{"line":58,"column":3}},"line":24}},"branchMap":{"0":{"loc":{"start":{"line":28,"column":4},"end":{"line":54,"column":5}},"type":"if","locations":[{"start":{"line":28,"column":4},"end":{"line":54,"column":5}},{"start":{},"end":{}}],"line":28},"1":{"loc":{"start":{"line":33,"column":6},"end":{"line":40,"column":7}},"type":"if","locations":[{"start":{"line":33,"column":6},"end":{"line":40,"column":7}},{"start":{},"end":{}}],"line":33},"2":{"loc":{"start":{"line":43,"column":6},"end":{"line":45,"column":7}},"type":"if","locations":[{"start":{"line":43,"column":6},"end":{"line":45,"column":7}},{"start":{},"end":{}}],"line":43}},"s":{"0":3,"1":3,"2":3,"3":3,"4":3,"5":3,"6":21,"7":21,"8":21,"9":23,"10":23,"11":23,"12":23,"13":11,"14":11,"15":11,"16":12,"17":1,"18":11,"19":11,"20":11,"21":0,"22":21,"23":3},"f":{"0":21,"1":23},"b":{"0":[23,0],"1":[11,12],"2":[1,11]},"_coverageSchema":"1a1c01bbd47fc00a2c39e90264f33305004495a9","hash":"b9abb350d78b919afedd5f1c28ceddbb2c00a882"}
,"/home/dimas/Project/forum-api/src/Infrastructures/repository/AuthenticationRepositoryPostgres.js": {"path":"/home/dimas/Project/forum-api/src/Infrastructures/repository/AuthenticationRepositoryPostgres.js","statementMap":{"0":{"start":{"line":1,"column":23},"end":{"line":1,"column":73}},"1":{"start":{"line":2,"column":33},"end":{"line":2,"column":98}},"2":{"start":{"line":6,"column":4},"end":{"line":6,"column":12}},"3":{"start":{"line":7,"column":4},"end":{"line":7,"column":22}},"4":{"start":{"line":11,"column":18},"end":{"line":14,"column":5}},"5":{"start":{"line":16,"column":4},"end":{"line":16,"column":34}},"6":{"start":{"line":20,"column":18},"end":{"line":23,"column":5}},"7":{"start":{"line":25,"column":19},"end":{"line":25,"column":48}},"8":{"start":{"line":27,"column":4},"end":{"line":29,"column":5}},"9":{"start":{"line":28,"column":6},"end":{"line":28,"column":76}},"10":{"start":{"line":33,"column":18},"end":{"line":36,"column":5}},"11":{"start":{"line":38,"column":4},"end":{"line":38,"column":34}},"12":{"start":{"line":42,"column":0},"end":{"line":42,"column":50}}},"fnMap":{"0":{"name":"(anonymous_0)","decl":{"start":{"line":5,"column":2},"end":{"line":5,"column":3}},"loc":{"start":{"line":5,"column":20},"end":{"line":8,"column":3}},"line":5},"1":{"name":"(anonymous_1)","decl":{"start":{"line":10,"column":2},"end":{"line":10,"column":3}},"loc":{"start":{"line":10,"column":24},"end":{"line":17,"column":3}},"line":10},"2":{"name":"(anonymous_2)","decl":{"start":{"line":19,"column":2},"end":{"line":19,"column":3}},"loc":{"start":{"line":19,"column":38},"end":{"line":30,"column":3}},"line":19},"3":{"name":"(anonymous_3)","decl":{"start":{"line":32,"column":2},"end":{"line":32,"column":3}},"loc":{"start":{"line":32,"column":27},"end":{"line":39,"column":3}},"line":32}},"branchMap":{"0":{"loc":{"start":{"line":27,"column":4},"end":{"line":29,"column":5}},"type":"if","locations":[{"start":{"line":27,"column":4},"end":{"line":29,"column":5}},{"start":{},"end":{}}],"line":27}},"s":{"0":3,"1":3,"2":5,"3":5,"4":1,"5":1,"6":3,"7":3,"8":0,"9":0,"10":0,"11":0,"12":3},"f":{"0":5,"1":1,"2":3,"3":0},"b":{"0":[0,0]},"_coverageSchema":"1a1c01bbd47fc00a2c39e90264f33305004495a9","hash":"2b040c096850bf765716b7c1c6d3ff8e6b723c0e"}
,"/home/dimas/Project/forum-api/src/Infrastructures/repository/UserRepositoryPostgres.js": {"path":"/home/dimas/Project/forum-api/src/Infrastructures/repository/UserRepositoryPostgres.js","statementMap":{"0":{"start":{"line":1,"column":23},"end":{"line":1,"column":73}},"1":{"start":{"line":2,"column":23},"end":{"line":2,"column":77}},"2":{"start":{"line":3,"column":23},"end":{"line":3,"column":68}},"3":{"start":{"line":7,"column":4},"end":{"line":7,"column":12}},"4":{"start":{"line":8,"column":4},"end":{"line":8,"column":22}},"5":{"start":{"line":9,"column":4},"end":{"line":9,"column":36}},"6":{"start":{"line":13,"column":18},"end":{"line":16,"column":5}},"7":{"start":{"line":18,"column":19},"end":{"line":18,"column":48}},"8":{"start":{"line":20,"column":4},"end":{"line":22,"column":5}},"9":{"start":{"line":21,"column":6},"end":{"line":21,"column":58}},"10":{"start":{"line":26,"column":45},"end":{"line":26,"column":57}},"11":{"start":{"line":27,"column":15},"end":{"line":27,"column":44}},"12":{"start":{"line":29,"column":18},"end":{"line":32,"column":5}},"13":{"start":{"line":34,"column":19},"end":{"line":34,"column":48}},"14":{"start":{"line":36,"column":4},"end":{"line":36,"column":53}},"15":{"start":{"line":40,"column":18},"end":{"line":43,"column":5}},"16":{"start":{"line":45,"column":19},"end":{"line":45,"column":48}},"17":{"start":{"line":47,"column":4},"end":{"line":49,"column":5}},"18":{"start":{"line":48,"column":6},"end":{"line":48,"column":59}},"19":{"start":{"line":51,"column":4},"end":{"line":51,"column":35}},"20":{"start":{"line":55,"column":18},"end":{"line":58,"column":5}},"21":{"start":{"line":60,"column":19},"end":{"line":60,"column":48}},"22":{"start":{"line":62,"column":4},"end":{"line":64,"column":5}},"23":{"start":{"line":63,"column":6},"end":{"line":63,"column":55}},"24":{"start":{"line":66,"column":19},"end":{"line":66,"column":33}},"25":{"start":{"line":68,"column":4},"end":{"line":68,"column":14}},"26":{"start":{"line":72,"column":0},"end":{"line":72,"column":40}}},"fnMap":{"0":{"name":"(anonymous_0)","decl":{"start":{"line":6,"column":2},"end":{"line":6,"column":3}},"loc":{"start":{"line":6,"column":33},"end":{"line":10,"column":3}},"line":6},"1":{"name":"(anonymous_1)","decl":{"start":{"line":12,"column":2},"end":{"line":12,"column":3}},"loc":{"start":{"line":12,"column":42},"end":{"line":23,"column":3}},"line":12},"2":{"name":"(anonymous_2)","decl":{"start":{"line":25,"column":2},"end":{"line":25,"column":3}},"loc":{"start":{"line":25,"column":30},"end":{"line":37,"column":3}},"line":25},"3":{"name":"(anonymous_3)","decl":{"start":{"line":39,"column":2},"end":{"line":39,"column":3}},"loc":{"start":{"line":39,"column":40},"end":{"line":52,"column":3}},"line":39},"4":{"name":"(anonymous_4)","decl":{"start":{"line":54,"column":2},"end":{"line":54,"column":3}},"loc":{"start":{"line":54,"column":34},"end":{"line":69,"column":3}},"line":54}},"branchMap":{"0":{"loc":{"start":{"line":20,"column":4},"end":{"line":22,"column":5}},"type":"if","locations":[{"start":{"line":20,"column":4},"end":{"line":22,"column":5}},{"start":{},"end":{}}],"line":20},"1":{"loc":{"start":{"line":47,"column":4},"end":{"line":49,"column":5}},"type":"if","locations":[{"start":{"line":47,"column":4},"end":{"line":49,"column":5}},{"start":{},"end":{}}],"line":47},"2":{"loc":{"start":{"line":62,"column":4},"end":{"line":64,"column":5}},"type":"if","locations":[{"start":{"line":62,"column":4},"end":{"line":64,"column":5}},{"start":{},"end":{}}],"line":62}},"s":{"0":3,"1":3,"2":3,"3":8,"4":8,"5":8,"6":5,"7":5,"8":0,"9":0,"10":2,"11":2,"12":2,"13":2,"14":0,"15":5,"16":5,"17":0,"18":0,"19":0,"20":1,"21":1,"22":0,"23":0,"24":0,"25":0,"26":3},"f":{"0":8,"1":5,"2":2,"3":5,"4":1},"b":{"0":[0,0],"1":[0,0],"2":[0,0]},"_coverageSchema":"1a1c01bbd47fc00a2c39e90264f33305004495a9","hash":"7cc80c0f7a7fe615b4fd4a8775bfb93a70d55936"}
,"/home/dimas/Project/forum-api/src/Infrastructures/security/BcryptPasswordHash.js": {"path":"/home/dimas/Project/forum-api/src/Infrastructures/security/BcryptPasswordHash.js","statementMap":{"0":{"start":{"line":1,"column":25},"end":{"line":1,"column":76}},"1":{"start":{"line":2,"column":28},"end":{"line":2,"column":83}},"2":{"start":{"line":6,"column":4},"end":{"line":6,"column":12}},"3":{"start":{"line":7,"column":4},"end":{"line":7,"column":26}},"4":{"start":{"line":8,"column":4},"end":{"line":8,"column":32}},"5":{"start":{"line":12,"column":4},"end":{"line":12,"column":56}},"6":{"start":{"line":16,"column":19},"end":{"line":16,"column":71}},"7":{"start":{"line":18,"column":4},"end":{"line":20,"column":5}},"8":{"start":{"line":19,"column":6},"end":{"line":19,"column":75}},"9":{"start":{"line":24,"column":0},"end":{"line":24,"column":36}}},"fnMap":{"0":{"name":"(anonymous_0)","decl":{"start":{"line":5,"column":2},"end":{"line":5,"column":3}},"loc":{"start":{"line":5,"column":38},"end":{"line":9,"column":3}},"line":5},"1":{"name":"(anonymous_1)","decl":{"start":{"line":11,"column":2},"end":{"line":11,"column":3}},"loc":{"start":{"line":11,"column":23},"end":{"line":13,"column":3}},"line":11},"2":{"name":"(anonymous_2)","decl":{"start":{"line":15,"column":2},"end":{"line":15,"column":3}},"loc":{"start":{"line":15,"column":50},"end":{"line":21,"column":3}},"line":15}},"branchMap":{"0":{"loc":{"start":{"line":5,"column":22},"end":{"line":5,"column":36}},"type":"default-arg","locations":[{"start":{"line":5,"column":34},"end":{"line":5,"column":36}}],"line":5},"1":{"loc":{"start":{"line":18,"column":4},"end":{"line":20,"column":5}},"type":"if","locations":[{"start":{"line":18,"column":4},"end":{"line":20,"column":5}},{"start":{},"end":{}}],"line":18}},"s":{"0":3,"1":3,"2":5,"3":5,"4":5,"5":2,"6":2,"7":2,"8":1,"9":3},"f":{"0":5,"1":2,"2":2},"b":{"0":[5],"1":[1,1]},"_coverageSchema":"1a1c01bbd47fc00a2c39e90264f33305004495a9","hash":"3ad085a6967689200beb704854a49206c42febd2"}
,"/home/dimas/Project/forum-api/src/Infrastructures/security/JwtTokenManager.js": {"path":"/home/dimas/Project/forum-api/src/Infrastructures/security/JwtTokenManager.js","statementMap":{"0":{"start":{"line":1,"column":35},"end":{"line":1,"column":100}},"1":{"start":{"line":2,"column":23},"end":{"line":2,"column":73}},"2":{"start":{"line":6,"column":4},"end":{"line":6,"column":12}},"3":{"start":{"line":7,"column":4},"end":{"line":7,"column":20}},"4":{"start":{"line":11,"column":4},"end":{"line":11,"column":69}},"5":{"start":{"line":15,"column":4},"end":{"line":15,"column":70}},"6":{"start":{"line":19,"column":4},"end":{"line":24,"column":5}},"7":{"start":{"line":20,"column":24},"end":{"line":20,"column":47}},"8":{"start":{"line":21,"column":6},"end":{"line":21,"column":65}},"9":{"start":{"line":23,"column":6},"end":{"line":23,"column":60}},"10":{"start":{"line":28,"column":22},"end":{"line":28,"column":45}},"11":{"start":{"line":29,"column":4},"end":{"line":29,"column":37}},"12":{"start":{"line":33,"column":0},"end":{"line":33,"column":33}}},"fnMap":{"0":{"name":"(anonymous_0)","decl":{"start":{"line":5,"column":2},"end":{"line":5,"column":3}},"loc":{"start":{"line":5,"column":19},"end":{"line":8,"column":3}},"line":5},"1":{"name":"(anonymous_1)","decl":{"start":{"line":10,"column":2},"end":{"line":10,"column":3}},"loc":{"start":{"line":10,"column":35},"end":{"line":12,"column":3}},"line":10},"2":{"name":"(anonymous_2)","decl":{"start":{"line":14,"column":2},"end":{"line":14,"column":3}},"loc":{"start":{"line":14,"column":36},"end":{"line":16,"column":3}},"line":14},"3":{"name":"(anonymous_3)","decl":{"start":{"line":18,"column":2},"end":{"line":18,"column":3}},"loc":{"start":{"line":18,"column":34},"end":{"line":25,"column":3}},"line":18},"4":{"name":"(anonymous_4)","decl":{"start":{"line":27,"column":2},"end":{"line":27,"column":3}},"loc":{"start":{"line":27,"column":29},"end":{"line":30,"column":3}},"line":27}},"branchMap":{},"s":{"0":3,"1":3,"2":6,"3":6,"4":3,"5":3,"6":4,"7":4,"8":3,"9":2,"10":1,"11":1,"12":3},"f":{"0":6,"1":3,"2":3,"3":4,"4":1},"b":{},"_coverageSchema":"1a1c01bbd47fc00a2c39e90264f33305004495a9","hash":"83601baf4bcad46884364ec3cea0a34125b6571f"}
,"/home/dimas/Project/forum-api/src/Interfaces/http/api/authentications/handler.js": {"path":"/home/dimas/Project/forum-api/src/Interfaces/http/api/authentications/handler.js","statementMap":{"0":{"start":{"line":1,"column":25},"end":{"line":1,"column":86}},"1":{"start":{"line":2,"column":37},"end":{"line":2,"column":110}},"2":{"start":{"line":3,"column":26},"end":{"line":3,"column":88}},"3":{"start":{"line":7,"column":4},"end":{"line":7,"column":32}},"4":{"start":{"line":9,"column":4},"end":{"line":9,"column":79}},"5":{"start":{"line":10,"column":4},"end":{"line":10,"column":77}},"6":{"start":{"line":11,"column":4},"end":{"line":11,"column":83}},"7":{"start":{"line":15,"column":29},"end":{"line":15,"column":79}},"8":{"start":{"line":16,"column":42},"end":{"line":16,"column":89}},"9":{"start":{"line":17,"column":21},"end":{"line":23,"column":6}},"10":{"start":{"line":24,"column":4},"end":{"line":24,"column":23}},"11":{"start":{"line":25,"column":4},"end":{"line":25,"column":20}},"12":{"start":{"line":29,"column":41},"end":{"line":30,"column":53}},"13":{"start":{"line":31,"column":24},"end":{"line":31,"column":83}},"14":{"start":{"line":33,"column":4},"end":{"line":38,"column":6}},"15":{"start":{"line":42,"column":30},"end":{"line":42,"column":81}},"16":{"start":{"line":43,"column":4},"end":{"line":43,"column":53}},"17":{"start":{"line":44,"column":4},"end":{"line":46,"column":6}},"18":{"start":{"line":50,"column":0},"end":{"line":50,"column":40}}},"fnMap":{"0":{"name":"(anonymous_0)","decl":{"start":{"line":6,"column":2},"end":{"line":6,"column":3}},"loc":{"start":{"line":6,"column":25},"end":{"line":12,"column":3}},"line":6},"1":{"name":"(anonymous_1)","decl":{"start":{"line":14,"column":2},"end":{"line":14,"column":3}},"loc":{"start":{"line":14,"column":46},"end":{"line":26,"column":3}},"line":14},"2":{"name":"(anonymous_2)","decl":{"start":{"line":28,"column":2},"end":{"line":28,"column":3}},"loc":{"start":{"line":28,"column":42},"end":{"line":39,"column":3}},"line":28},"3":{"name":"(anonymous_3)","decl":{"start":{"line":41,"column":2},"end":{"line":41,"column":3}},"loc":{"start":{"line":41,"column":45},"end":{"line":47,"column":3}},"line":41}},"branchMap":{},"s":{"0":3,"1":3,"2":3,"3":21,"4":21,"5":21,"6":21,"7":6,"8":6,"9":0,"10":0,"11":0,"12":4,"13":4,"14":0,"15":3,"16":3,"17":0,"18":3},"f":{"0":21,"1":6,"2":4,"3":3},"b":{},"_coverageSchema":"1a1c01bbd47fc00a2c39e90264f33305004495a9","hash":"fbd86ba9bb5035da23d1b9e0176d9da6a9aa7b8e"}
,"/home/dimas/Project/forum-api/src/Interfaces/http/api/authentications/index.js": {"path":"/home/dimas/Project/forum-api/src/Interfaces/http/api/authentications/index.js","statementMap":{"0":{"start":{"line":1,"column":15},"end":{"line":1,"column":34}},"1":{"start":{"line":2,"column":31},"end":{"line":2,"column":51}},"2":{"start":{"line":4,"column":0},"end":{"line":10,"column":2}},"3":{"start":{"line":7,"column":35},"end":{"line":7,"column":72}},"4":{"start":{"line":8,"column":4},"end":{"line":8,"column":49}}},"fnMap":{"0":{"name":"(anonymous_0)","decl":{"start":{"line":6,"column":12},"end":{"line":6,"column":13}},"loc":{"start":{"line":6,"column":45},"end":{"line":9,"column":3}},"line":6}},"branchMap":{},"s":{"0":3,"1":3,"2":3,"3":21,"4":21},"f":{"0":21},"b":{},"_coverageSchema":"1a1c01bbd47fc00a2c39e90264f33305004495a9","hash":"df9439eb4cdf4655be15c38832746994a46e1953"}
,"/home/dimas/Project/forum-api/src/Interfaces/http/api/authentications/routes.js": {"path":"/home/dimas/Project/forum-api/src/Interfaces/http/api/authentications/routes.js","statementMap":{"0":{"start":{"line":1,"column":15},"end":{"line":17,"column":2}},"1":{"start":{"line":1,"column":29},"end":{"line":17,"column":1}},"2":{"start":{"line":19,"column":0},"end":{"line":19,"column":24}}},"fnMap":{"0":{"name":"(anonymous_0)","decl":{"start":{"line":1,"column":15},"end":{"line":1,"column":16}},"loc":{"start":{"line":1,"column":29},"end":{"line":17,"column":1}},"line":1}},"branchMap":{},"s":{"0":3,"1":21,"2":3},"f":{"0":21},"b":{},"_coverageSchema":"1a1c01bbd47fc00a2c39e90264f33305004495a9","hash":"1618caa4e2fa08c6754d3b63ee9bd3b26a0064bd"}
,"/home/dimas/Project/forum-api/src/Interfaces/http/api/users/handler.js": {"path":"/home/dimas/Project/forum-api/src/Interfaces/http/api/users/handler.js","statementMap":{"0":{"start":{"line":1,"column":23},"end":{"line":1,"column":82}},"1":{"start":{"line":5,"column":4},"end":{"line":5,"column":32}},"2":{"start":{"line":7,"column":4},"end":{"line":7,"column":59}},"3":{"start":{"line":11,"column":27},"end":{"line":11,"column":75}},"4":{"start":{"line":12,"column":22},"end":{"line":12,"column":67}},"5":{"start":{"line":14,"column":21},"end":{"line":19,"column":6}},"6":{"start":{"line":20,"column":4},"end":{"line":20,"column":23}},"7":{"start":{"line":21,"column":4},"end":{"line":21,"column":20}},"8":{"start":{"line":25,"column":0},"end":{"line":25,"column":30}}},"fnMap":{"0":{"name":"(anonymous_0)","decl":{"start":{"line":4,"column":2},"end":{"line":4,"column":3}},"loc":{"start":{"line":4,"column":25},"end":{"line":8,"column":3}},"line":4},"1":{"name":"(anonymous_1)","decl":{"start":{"line":10,"column":2},"end":{"line":10,"column":3}},"loc":{"start":{"line":10,"column":36},"end":{"line":22,"column":3}},"line":10}},"branchMap":{},"s":{"0":3,"1":21,"2":21,"3":9,"4":8,"5":0,"6":0,"7":0,"8":3},"f":{"0":21,"1":9},"b":{},"_coverageSchema":"1a1c01bbd47fc00a2c39e90264f33305004495a9","hash":"e56784caa6e285443fd4c21f01769664f5909f0d"}
,"/home/dimas/Project/forum-api/src/Interfaces/http/api/users/index.js": {"path":"/home/dimas/Project/forum-api/src/Interfaces/http/api/users/index.js","statementMap":{"0":{"start":{"line":1,"column":21},"end":{"line":1,"column":41}},"1":{"start":{"line":2,"column":15},"end":{"line":2,"column":34}},"2":{"start":{"line":4,"column":0},"end":{"line":10,"column":2}},"3":{"start":{"line":7,"column":25},"end":{"line":7,"column":52}},"4":{"start":{"line":8,"column":4},"end":{"line":8,"column":39}}},"fnMap":{"0":{"name":"(anonymous_0)","decl":{"start":{"line":6,"column":12},"end":{"line":6,"column":13}},"loc":{"start":{"line":6,"column":45},"end":{"line":9,"column":3}},"line":6}},"branchMap":{},"s":{"0":3,"1":3,"2":3,"3":21,"4":21},"f":{"0":21},"b":{},"_coverageSchema":"1a1c01bbd47fc00a2c39e90264f33305004495a9","hash":"f9b49e011ccadce6c7f700adfa2e673bc90d0bab"}
,"/home/dimas/Project/forum-api/src/Interfaces/http/api/users/routes.js": {"path":"/home/dimas/Project/forum-api/src/Interfaces/http/api/users/routes.js","statementMap":{"0":{"start":{"line":1,"column":15},"end":{"line":7,"column":2}},"1":{"start":{"line":1,"column":29},"end":{"line":7,"column":1}},"2":{"start":{"line":9,"column":0},"end":{"line":9,"column":24}}},"fnMap":{"0":{"name":"(anonymous_0)","decl":{"start":{"line":1,"column":15},"end":{"line":1,"column":16}},"loc":{"start":{"line":1,"column":29},"end":{"line":7,"column":1}},"line":1}},"branchMap":{},"s":{"0":3,"1":21,"2":3},"f":{"0":21},"b":{},"_coverageSchema":"1a1c01bbd47fc00a2c39e90264f33305004495a9","hash":"bab21cba726567a218f4f0792ea61d239c817079"}
}
