TN:
SF:src/Applications/security/AuthenticationTokenManager.js
FN:2,(anonymous_0)
FN:6,(anonymous_1)
FN:10,(anonymous_2)
FN:14,(anonymous_3)
FNF:4
FNH:4
FNDA:1,(anonymous_0)
FNDA:1,(anonymous_1)
FNDA:1,(anonymous_2)
FNDA:1,(anonymous_3)
DA:3,1
DA:7,1
DA:11,1
DA:15,1
DA:19,7
LF:5
LH:5
BRF:0
BRH:0
end_of_record
TN:
SF:src/Applications/security/PasswordHash.js
FN:2,(anonymous_0)
FN:6,(anonymous_1)
FNF:2
FNH:2
FNDA:1,(anonymous_0)
FNDA:1,(anonymous_1)
DA:3,1
DA:7,1
DA:11,8
LF:3
LH:3
BRF:0
BRH:0
end_of_record
TN:
SF:src/Applications/use_case/authentications/RefreshAuthenticationUseCase.js
FN:2,(anonymous_0)
FN:10,(anonymous_1)
FN:22,(anonymous_2)
FNF:3
FNH:3
FNDA:2,(anonymous_0)
FNDA:9,(anonymous_1)
FNDA:9,(anonymous_2)
DA:6,2
DA:7,2
DA:11,9
DA:12,5
DA:14,5
DA:15,3
DA:17,1
DA:19,1
DA:23,9
DA:25,9
DA:26,2
DA:29,7
DA:30,2
DA:35,5
LF:14
LH:14
BRDA:25,0,0,2
BRDA:25,0,1,7
BRDA:29,1,0,2
BRDA:29,1,1,5
BRF:4
BRH:4
end_of_record
TN:
SF:src/Applications/use_case/comments/AddCommentUseCase.js
FN:4,(anonymous_0)
FN:10,(anonymous_1)
FNF:2
FNH:2
FNDA:1,(anonymous_0)
FNDA:1,(anonymous_1)
DA:1,6
DA:5,1
DA:6,1
DA:7,1
DA:11,1
DA:12,1
DA:13,1
DA:15,1
DA:19,6
LF:9
LH:9
BRF:0
BRH:0
end_of_record
TN:
SF:src/Applications/use_case/comments/DeleteCommentUseCase.js
FN:2,(anonymous_0)
FN:8,(anonymous_1)
FNF:2
FNH:2
FNDA:1,(anonymous_0)
FNDA:1,(anonymous_1)
DA:3,1
DA:4,1
DA:5,1
DA:9,1
DA:10,1
DA:11,1
DA:13,1
DA:17,6
LF:8
LH:8
BRF:0
BRH:0
end_of_record
TN:
SF:src/Applications/use_case/replies/AddCommentReplyUseCase.js
FN:4,(anonymous_0)
FN:11,(anonymous_1)
FNF:2
FNH:2
FNDA:1,(anonymous_0)
FNDA:1,(anonymous_1)
DA:1,6
DA:5,1
DA:6,1
DA:7,1
DA:8,1
DA:12,1
DA:13,1
DA:14,1
DA:15,1
DA:17,1
DA:26,6
LF:11
LH:11
BRF:0
BRH:0
end_of_record
TN:
SF:src/Applications/use_case/replies/DeleteCommentReplyUseCase.js
FN:2,(anonymous_0)
FN:11,(anonymous_1)
FNF:2
FNH:2
FNDA:1,(anonymous_0)
FNDA:1,(anonymous_1)
DA:5,1
DA:6,1
DA:7,1
DA:8,1
DA:12,1
DA:13,1
DA:14,1
DA:15,1
DA:17,1
DA:21,6
LF:10
LH:10
BRF:0
BRH:0
end_of_record
TN:
SF:src/Applications/use_case/threads/AddThreadUseCase.js
FN:4,(anonymous_0)
FN:9,(anonymous_1)
FNF:2
FNH:2
FNDA:2,(anonymous_0)
FNDA:3,(anonymous_1)
DA:1,6
DA:5,2
DA:6,2
DA:10,3
DA:11,3
DA:13,2
DA:17,6
LF:7
LH:7
BRF:0
BRH:0
end_of_record
TN:
SF:src/Applications/use_case/threads/GetThreadDetailUseCase.js
FN:2,(anonymous_0)
FN:11,(anonymous_1)
FN:16,(anonymous_2)
FN:22,(anonymous_3)
FN:23,(anonymous_4)
FNF:5
FNH:5
FNDA:1,(anonymous_0)
FNDA:1,(anonymous_1)
FNDA:1,(anonymous_2)
FNDA:1,(anonymous_3)
FNDA:1,(anonymous_4)
DA:5,1
DA:6,1
DA:7,1
DA:8,1
DA:12,1
DA:13,1
DA:14,1
DA:16,1
DA:22,1
DA:23,1
DA:31,1
DA:35,6
LF:12
LH:12
BRF:0
BRH:0
end_of_record
TN:
SF:src/Applications/use_case/users/AddUserUseCase.js
FN:4,(anonymous_0)
FN:9,(anonymous_1)
FNF:2
FNH:2
FNDA:5,(anonymous_0)
FNDA:17,(anonymous_1)
DA:1,6
DA:5,5
DA:6,5
DA:10,17
DA:11,13
DA:12,12
DA:13,12
DA:17,6
LF:8
LH:8
BRF:0
BRH:0
end_of_record
TN:
SF:src/Applications/use_case/users/LoginUserUseCase.js
FN:5,(anonymous_0)
FN:17,(anonymous_1)
FNF:2
FNH:2
FNDA:4,(anonymous_0)
FNDA:17,(anonymous_1)
DA:1,6
DA:2,6
DA:11,4
DA:12,4
DA:13,4
DA:14,4
DA:18,17
DA:20,13
DA:22,10
DA:24,8
DA:26,6
DA:27,6
DA:32,6
DA:37,6
DA:39,6
DA:43,6
LF:16
LH:16
BRF:0
BRH:0
end_of_record
TN:
SF:src/Applications/use_case/users/LogoutUserUseCase.js
FN:2,(anonymous_0)
FN:8,(anonymous_1)
FN:15,(anonymous_2)
FNF:3
FNH:3
FNDA:5,(anonymous_0)
FNDA:11,(anonymous_1)
FNDA:11,(anonymous_2)
DA:5,5
DA:9,11
DA:10,5
DA:11,5
DA:12,3
DA:16,11
DA:17,11
DA:18,3
DA:21,8
DA:22,3
DA:27,6
LF:11
LH:11
BRDA:17,0,0,3
BRDA:17,0,1,8
BRDA:21,1,0,3
BRDA:21,1,1,5
BRF:4
BRH:4
end_of_record
TN:
SF:src/Commons/exceptions/AuthenticationError.js
FN:4,(anonymous_0)
FNF:1
FNH:1
FNDA:3,(anonymous_0)
DA:1,5
DA:5,3
DA:6,3
DA:10,5
LF:4
LH:4
BRF:0
BRH:0
end_of_record
TN:
SF:src/Commons/exceptions/AuthorizationError.js
FN:4,(anonymous_0)
FNF:1
FNH:1
FNDA:1,(anonymous_0)
DA:1,7
DA:5,1
DA:6,1
DA:10,7
LF:4
LH:4
BRF:0
BRH:0
end_of_record
TN:
SF:src/Commons/exceptions/ClientError.js
FN:2,(anonymous_0)
FNF:1
FNH:1
FNDA:124,(anonymous_0)
DA:3,124
DA:5,124
DA:6,1
DA:9,123
DA:10,123
DA:14,17
LF:6
LH:6
BRDA:2,0,0,119
BRDA:5,1,0,1
BRDA:5,1,1,123
BRF:3
BRH:3
end_of_record
TN:
SF:src/Commons/exceptions/DomainErrorTranslator.js
FN:4,(anonymous_0)
FNF:1
FNH:1
FNDA:41,(anonymous_0)
DA:1,6
DA:3,6
DA:5,41
DA:9,6
DA:28,6
LF:5
LH:5
BRDA:5,0,0,41
BRDA:5,0,1,20
BRF:2
BRH:2
end_of_record
TN:
SF:src/Commons/exceptions/InvariantError.js
FN:4,(anonymous_0)
FNF:1
FNH:1
FNDA:118,(anonymous_0)
DA:1,10
DA:5,118
DA:6,118
DA:10,10
LF:4
LH:4
BRF:0
BRH:0
end_of_record
TN:
SF:src/Commons/exceptions/NotFoundError.js
FN:4,(anonymous_0)
FNF:1
FNH:1
FNDA:1,(anonymous_0)
DA:1,9
DA:5,1
DA:6,1
DA:10,9
LF:4
LH:4
BRF:0
BRH:0
end_of_record
TN:
SF:src/Domains/authentications/AuthenticationRepository.js
FN:2,(anonymous_0)
FN:6,(anonymous_1)
FN:10,(anonymous_2)
FNF:3
FNH:3
FNDA:1,(anonymous_0)
FNDA:1,(anonymous_1)
FNDA:1,(anonymous_2)
DA:3,1
DA:7,1
DA:11,1
DA:15,8
LF:4
LH:4
BRF:0
BRH:0
end_of_record
TN:
SF:src/Domains/authentications/entities/NewAuth.js
FN:2,(anonymous_0)
FN:9,(anonymous_1)
FNF:2
FNH:2
FNDA:11,(anonymous_0)
FNDA:11,(anonymous_1)
DA:3,11
DA:5,9
DA:6,9
DA:10,11
DA:12,11
DA:13,1
DA:16,10
DA:17,1
DA:22,7
LF:9
LH:9
BRDA:12,0,0,1
BRDA:12,0,1,10
BRDA:12,1,0,11
BRDA:12,1,1,11
BRDA:16,2,0,1
BRDA:16,2,1,9
BRDA:16,3,0,10
BRDA:16,3,1,10
BRF:8
BRH:8
end_of_record
TN:
SF:src/Domains/comments/CommentRepository.js
FN:2,(anonymous_0)
FN:6,(anonymous_1)
FN:10,(anonymous_2)
FN:14,(anonymous_3)
FNF:4
FNH:4
FNDA:1,(anonymous_0)
FNDA:1,(anonymous_1)
FNDA:1,(anonymous_2)
FNDA:1,(anonymous_3)
DA:3,1
DA:7,1
DA:11,1
DA:15,1
DA:19,11
LF:5
LH:5
BRF:0
BRH:0
end_of_record
TN:
SF:src/Domains/comments/entities/AddedComment.js
FN:2,(anonymous_0)
FN:10,(anonymous_1)
FNF:2
FNH:2
FNDA:6,(anonymous_0)
FNDA:6,(anonymous_1)
DA:3,6
DA:5,4
DA:7,4
DA:11,6
DA:12,1
DA:15,5
DA:16,1
DA:21,8
LF:8
LH:8
BRDA:11,0,0,1
BRDA:11,0,1,5
BRDA:15,1,0,1
BRDA:15,1,1,4
BRF:4
BRH:4
end_of_record
TN:
SF:src/Domains/comments/entities/CommentDetail.js
FN:2,(anonymous_0)
FN:15,(anonymous_1)
FNF:2
FNH:2
FNDA:3,(anonymous_0)
FNDA:3,(anonymous_1)
DA:3,3
DA:7,1
DA:9,1
DA:10,1
DA:11,1
DA:12,1
DA:18,3
DA:19,1
DA:22,2
DA:28,1
DA:33,6
LF:11
LH:11
BRDA:18,0,0,1
BRDA:18,0,1,2
BRDA:18,1,0,3
BRDA:18,1,1,2
BRDA:18,1,2,2
BRDA:18,1,3,2
BRDA:22,2,0,1
BRDA:22,2,1,1
BRDA:23,3,0,2
BRDA:23,3,1,1
BRDA:23,3,2,1
BRDA:23,3,3,1
BRF:12
BRH:12
end_of_record
TN:
SF:src/Domains/comments/entities/NewComment.js
FN:2,(anonymous_0)
FN:12,(anonymous_1)
FNF:2
FNH:2
FNDA:9,(anonymous_0)
FNDA:9,(anonymous_1)
DA:3,9
DA:5,7
DA:7,7
DA:8,7
DA:9,7
DA:13,9
DA:14,1
DA:17,8
DA:18,1
DA:23,7
LF:10
LH:10
BRDA:13,0,0,1
BRDA:13,0,1,8
BRDA:13,1,0,9
BRDA:13,1,1,9
BRDA:13,1,2,9
BRDA:17,2,0,1
BRDA:17,2,1,7
BRDA:17,3,0,8
BRDA:17,3,1,7
BRDA:17,3,2,7
BRF:10
BRH:10
end_of_record
TN:
SF:src/Domains/replies/CommentReplyRepository.js
FN:2,(anonymous_0)
FN:6,(anonymous_1)
FN:10,(anonymous_2)
FN:14,(anonymous_3)
FNF:4
FNH:4
FNDA:1,(anonymous_0)
FNDA:1,(anonymous_1)
FNDA:1,(anonymous_2)
FNDA:1,(anonymous_3)
DA:3,1
DA:7,1
DA:11,1
DA:15,1
DA:19,9
LF:5
LH:5
BRF:0
BRH:0
end_of_record
TN:
SF:src/Domains/replies/entities/AddedCommentReply.js
FN:2,(anonymous_0)
FN:10,(anonymous_1)
FNF:2
FNH:2
FNDA:6,(anonymous_0)
FNDA:6,(anonymous_1)
DA:3,6
DA:5,4
DA:7,4
DA:11,6
DA:12,1
DA:15,5
DA:16,1
DA:21,8
LF:8
LH:8
BRDA:11,0,0,1
BRDA:11,0,1,5
BRDA:15,1,0,1
BRDA:15,1,1,4
BRF:4
BRH:4
end_of_record
TN:
SF:src/Domains/replies/entities/CommentReplyDetail.js
FN:2,(anonymous_0)
FN:15,(anonymous_1)
FNF:2
FNH:2
FNDA:3,(anonymous_0)
FNDA:3,(anonymous_1)
DA:3,3
DA:7,1
DA:9,1
DA:10,1
DA:11,1
DA:12,1
DA:18,3
DA:19,1
DA:22,2
DA:28,1
DA:33,6
LF:11
LH:11
BRDA:18,0,0,1
BRDA:18,0,1,2
BRDA:18,1,0,3
BRDA:18,1,1,2
BRDA:18,1,2,2
BRDA:18,1,3,2
BRDA:22,2,0,1
BRDA:22,2,1,1
BRDA:23,3,0,2
BRDA:23,3,1,1
BRDA:23,3,2,1
BRDA:23,3,3,1
BRF:12
BRH:12
end_of_record
TN:
SF:src/Domains/replies/entities/NewCommentReply.js
FN:2,(anonymous_0)
FN:12,(anonymous_1)
FNF:2
FNH:2
FNDA:9,(anonymous_0)
FNDA:9,(anonymous_1)
DA:3,9
DA:5,7
DA:7,7
DA:8,7
DA:9,7
DA:13,9
DA:14,1
DA:17,8
DA:18,1
DA:23,7
LF:10
LH:10
BRDA:13,0,0,1
BRDA:13,0,1,8
BRDA:13,1,0,9
BRDA:13,1,1,9
BRDA:13,1,2,9
BRDA:17,2,0,1
BRDA:17,2,1,7
BRDA:17,3,0,8
BRDA:17,3,1,7
BRDA:17,3,2,7
BRF:10
BRH:10
end_of_record
TN:
SF:src/Domains/threads/ThreadRepository.js
FN:2,(anonymous_0)
FN:6,(anonymous_1)
FN:10,(anonymous_2)
FNF:3
FNH:3
FNDA:1,(anonymous_0)
FNDA:1,(anonymous_1)
FNDA:1,(anonymous_2)
DA:3,1
DA:7,1
DA:11,1
DA:15,12
LF:4
LH:4
BRF:0
BRH:0
end_of_record
TN:
SF:src/Domains/threads/entities/AddedThread.js
FN:2,(anonymous_0)
FN:11,(anonymous_1)
FNF:2
FNH:2
FNDA:8,(anonymous_0)
FNDA:8,(anonymous_1)
DA:3,8
DA:5,5
DA:7,5
DA:8,5
DA:12,8
DA:13,1
DA:16,7
DA:17,2
DA:22,8
LF:9
LH:9
BRDA:12,0,0,1
BRDA:12,0,1,7
BRDA:12,1,0,8
BRDA:12,1,1,8
BRDA:16,2,0,2
BRDA:16,2,1,5
BRDA:16,3,0,7
BRDA:16,3,1,5
BRF:8
BRH:8
end_of_record
TN:
SF:src/Domains/threads/entities/NewThread.js
FN:2,(anonymous_0)
FN:12,(anonymous_1)
FNF:2
FNH:2
FNDA:10,(anonymous_0)
FNDA:10,(anonymous_1)
DA:3,10
DA:5,8
DA:7,8
DA:8,8
DA:9,8
DA:13,10
DA:14,1
DA:17,9
DA:18,1
DA:23,7
LF:10
LH:10
BRDA:13,0,0,1
BRDA:13,0,1,9
BRDA:13,1,0,10
BRDA:13,1,1,10
BRDA:13,1,2,10
BRDA:17,2,0,1
BRDA:17,2,1,8
BRDA:17,3,0,9
BRDA:17,3,1,8
BRDA:17,3,2,8
BRF:10
BRH:10
end_of_record
TN:
SF:src/Domains/threads/entities/ThreadDetail.js
FN:2,(anonymous_0)
FN:16,(anonymous_1)
FNF:2
FNH:2
FNDA:3,(anonymous_0)
FNDA:3,(anonymous_1)
DA:3,3
DA:7,1
DA:9,1
DA:10,1
DA:11,1
DA:12,1
DA:13,1
DA:19,3
DA:20,1
DA:23,2
DA:30,1
DA:35,6
LF:12
LH:12
BRDA:19,0,0,1
BRDA:19,0,1,2
BRDA:19,1,0,3
BRDA:19,1,1,2
BRDA:19,1,2,2
BRDA:19,1,3,2
BRDA:19,1,4,2
BRDA:23,2,0,1
BRDA:23,2,1,1
BRDA:24,3,0,2
BRDA:24,3,1,1
BRDA:24,3,2,1
BRDA:24,3,3,1
BRDA:24,3,4,1
BRF:14
BRH:14
end_of_record
TN:
SF:src/Domains/users/UserRepository.js
FN:2,(anonymous_0)
FN:6,(anonymous_1)
FN:10,(anonymous_2)
FN:14,(anonymous_3)
FN:18,(anonymous_4)
FNF:5
FNH:4
FNDA:1,(anonymous_0)
FNDA:1,(anonymous_1)
FNDA:1,(anonymous_2)
FNDA:1,(anonymous_3)
FNDA:0,(anonymous_4)
DA:3,1
DA:7,1
DA:11,1
DA:15,1
DA:19,0
DA:23,13
LF:6
LH:5
BRF:0
BRH:0
end_of_record
TN:
SF:src/Domains/users/entities/RegisterUser.js
FN:2,(anonymous_0)
FN:12,(anonymous_1)
FNF:2
FNH:2
FNDA:25,(anonymous_0)
FNDA:25,(anonymous_1)
DA:3,25
DA:5,17
DA:7,17
DA:8,17
DA:9,17
DA:13,25
DA:14,2
DA:17,23
DA:18,2
DA:21,21
DA:22,2
DA:25,19
DA:26,2
DA:31,8
LF:14
LH:14
BRDA:13,0,0,2
BRDA:13,0,1,23
BRDA:13,1,0,25
BRDA:13,1,1,24
BRDA:13,1,2,24
BRDA:17,2,0,2
BRDA:17,2,1,21
BRDA:17,3,0,23
BRDA:17,3,1,22
BRDA:17,3,2,22
BRDA:21,4,0,2
BRDA:21,4,1,19
BRDA:25,5,0,2
BRDA:25,5,1,17
BRF:14
BRH:14
end_of_record
TN:
SF:src/Domains/users/entities/RegisteredUser.js
FN:2,(anonymous_0)
FN:12,(anonymous_1)
FNF:2
FNH:2
FNDA:16,(anonymous_0)
FNDA:16,(anonymous_1)
DA:3,16
DA:5,14
DA:7,14
DA:8,14
DA:9,14
DA:13,16
DA:14,1
DA:17,15
DA:18,1
DA:23,7
LF:10
LH:10
BRDA:13,0,0,1
BRDA:13,0,1,15
BRDA:13,1,0,16
BRDA:13,1,1,15
BRDA:13,1,2,15
BRDA:17,2,0,1
BRDA:17,2,1,14
BRDA:17,3,0,15
BRDA:17,3,1,14
BRDA:17,3,2,14
BRF:10
BRH:10
end_of_record
TN:
SF:src/Domains/users/entities/UserLogin.js
FN:2,(anonymous_0)
FN:9,(anonymous_1)
FNF:2
FNH:2
FNDA:20,(anonymous_0)
FNDA:20,(anonymous_1)
DA:3,20
DA:5,14
DA:6,14
DA:10,20
DA:12,20
DA:13,3
DA:16,17
DA:17,3
DA:22,7
LF:9
LH:9
BRDA:12,0,0,3
BRDA:12,0,1,17
BRDA:12,1,0,20
BRDA:12,1,1,20
BRDA:16,2,0,3
BRDA:16,2,1,14
BRDA:16,3,0,17
BRDA:16,3,1,15
BRF:8
BRH:8
end_of_record
TN:
SF:src/Infrastructures/container.js
FNF:0
FNH:0
DA:1,4
DA:4,4
DA:5,4
DA:6,4
DA:7,4
DA:10,4
DA:11,4
DA:12,4
DA:13,4
DA:16,4
DA:17,4
DA:18,4
DA:19,4
DA:20,4
DA:21,4
DA:22,4
DA:23,4
DA:24,4
DA:25,4
DA:26,4
DA:27,4
DA:28,4
DA:29,4
DA:30,4
DA:31,4
DA:32,4
DA:33,4
DA:34,4
DA:35,4
DA:38,4
DA:41,4
DA:134,4
DA:343,4
LF:33
LH:33
BRF:0
BRH:0
end_of_record
TN:
SF:src/Infrastructures/http/createServer.js
FN:11,(anonymous_0)
FN:31,(anonymous_1)
FN:62,(anonymous_2)
FNF:3
FNH:3
FNDA:40,(anonymous_0)
FNDA:2,(anonymous_1)
FNDA:53,(anonymous_2)
DA:1,5
DA:2,5
DA:3,5
DA:4,5
DA:5,5
DA:6,5
DA:7,5
DA:8,5
DA:9,5
DA:11,5
DA:12,40
DA:17,40
DA:23,40
DA:31,2
DA:39,40
DA:62,40
DA:64,53
DA:66,53
DA:67,36
DA:69,36
DA:72,36
DA:73,31
DA:77,31
DA:78,31
DA:82,5
DA:83,1
DA:87,4
DA:91,4
DA:92,4
DA:96,17
DA:99,40
DA:102,5
LF:32
LH:32
BRDA:66,0,0,36
BRDA:66,0,1,17
BRDA:72,1,0,31
BRDA:72,1,1,5
BRDA:82,2,0,1
BRDA:82,2,1,4
BRF:6
BRH:6
end_of_record
TN:
SF:src/Infrastructures/repository/AuthenticationRepositoryPostgres.js
FN:5,(anonymous_0)
FN:10,(anonymous_1)
FN:19,(anonymous_2)
FN:32,(anonymous_3)
FNF:4
FNH:4
FNDA:7,(anonymous_0)
FNDA:6,(anonymous_1)
FNDA:9,(anonymous_2)
FNDA:3,(anonymous_3)
DA:1,5
DA:2,5
DA:6,7
DA:7,7
DA:11,6
DA:16,6
DA:20,9
DA:25,9
DA:27,9
DA:28,5
DA:33,3
DA:38,3
DA:42,5
LF:13
LH:13
BRDA:27,0,0,5
BRDA:27,0,1,4
BRF:2
BRH:2
end_of_record
TN:
SF:src/Infrastructures/repository/CommentReplyRepositoryPostgres.js
FN:8,(anonymous_0)
FN:14,(anonymous_1)
FN:34,(anonymous_2)
FN:51,(anonymous_3)
FN:64,(anonymous_4)
FNF:5
FNH:2
FNDA:3,(anonymous_0)
FNDA:2,(anonymous_1)
FNDA:0,(anonymous_2)
FNDA:0,(anonymous_3)
FNDA:0,(anonymous_4)
DA:1,5
DA:2,5
DA:3,5
DA:4,5
DA:5,5
DA:9,3
DA:10,3
DA:11,3
DA:15,2
DA:16,2
DA:17,2
DA:18,2
DA:20,2
DA:25,2
DA:27,2
DA:35,0
DA:45,0
DA:48,0
DA:52,0
DA:57,0
DA:59,0
DA:60,0
DA:65,0
DA:67,0
DA:72,0
DA:74,0
DA:75,0
DA:78,0
DA:82,5
LF:29
LH:16
BRDA:59,0,0,0
BRDA:59,0,1,0
BRDA:74,1,0,0
BRDA:74,1,1,0
BRF:4
BRH:0
end_of_record
TN:
SF:src/Infrastructures/repository/CommentRepositoryPostgres.js
FN:8,(anonymous_0)
FN:14,(anonymous_1)
FN:34,(anonymous_2)
FN:51,(anonymous_3)
FN:66,(anonymous_4)
FNF:5
FNH:2
FNDA:3,(anonymous_0)
FNDA:2,(anonymous_1)
FNDA:0,(anonymous_2)
FNDA:0,(anonymous_3)
FNDA:0,(anonymous_4)
DA:1,5
DA:2,5
DA:3,5
DA:4,5
DA:5,5
DA:9,3
DA:10,3
DA:11,3
DA:15,2
DA:16,2
DA:17,2
DA:18,2
DA:20,2
DA:25,2
DA:27,2
DA:35,0
DA:45,0
DA:48,0
DA:52,0
DA:57,0
DA:59,0
DA:60,0
DA:63,0
DA:67,0
DA:69,0
DA:74,0
DA:76,0
DA:77,0
DA:80,0
DA:84,5
LF:30
LH:16
BRDA:59,0,0,0
BRDA:59,0,1,0
BRDA:76,1,0,0
BRDA:76,1,1,0
BRF:4
BRH:0
end_of_record
TN:
SF:src/Infrastructures/repository/ThreadRepositoryPostgres.js
FN:7,(anonymous_0)
FN:13,(anonymous_1)
FN:32,(anonymous_2)
FN:48,(anonymous_3)
FNF:4
FNH:2
FNDA:3,(anonymous_0)
FNDA:3,(anonymous_1)
FNDA:0,(anonymous_2)
FNDA:0,(anonymous_3)
DA:1,5
DA:2,5
DA:3,5
DA:4,5
DA:8,3
DA:9,3
DA:10,3
DA:14,3
DA:15,3
DA:16,3
DA:18,3
DA:23,3
DA:25,3
DA:33,0
DA:41,0
DA:42,0
DA:43,0
DA:45,0
DA:49,0
DA:54,0
DA:56,0
DA:57,0
DA:62,5
LF:23
LH:14
BRDA:42,0,0,0
BRDA:42,0,1,0
BRDA:56,1,0,0
BRDA:56,1,1,0
BRF:4
BRH:0
end_of_record
TN:
SF:src/Infrastructures/repository/UserRepositoryPostgres.js
FN:7,(anonymous_0)
FN:13,(anonymous_1)
FN:26,(anonymous_2)
FN:40,(anonymous_3)
FN:55,(anonymous_4)
FN:72,(anonymous_5)
FNF:6
FNH:6
FNDA:12,(anonymous_0)
FNDA:14,(anonymous_1)
FNDA:13,(anonymous_2)
FNDA:14,(anonymous_3)
FNDA:9,(anonymous_4)
FNDA:2,(anonymous_5)
DA:1,5
DA:2,5
DA:3,5
DA:4,5
DA:8,12
DA:9,12
DA:10,12
DA:14,14
DA:19,14
DA:21,14
DA:22,2
DA:27,13
DA:28,13
DA:30,13
DA:35,13
DA:37,10
DA:41,14
DA:46,14
DA:48,14
DA:49,4
DA:52,10
DA:56,9
DA:61,9
DA:63,9
DA:64,3
DA:67,6
DA:69,6
DA:73,2
DA:78,2
DA:80,2
DA:81,0
DA:86,5
LF:32
LH:31
BRDA:21,0,0,2
BRDA:21,0,1,12
BRDA:48,1,0,4
BRDA:48,1,1,10
BRDA:63,2,0,3
BRDA:63,2,1,6
BRDA:80,3,0,0
BRDA:80,3,1,2
BRF:8
BRH:7
end_of_record
TN:
SF:src/Infrastructures/security/BcryptPasswordHash.js
FN:5,(anonymous_0)
FN:11,(anonymous_1)
FN:15,(anonymous_2)
FNF:3
FNH:3
FNDA:7,(anonymous_0)
FNDA:13,(anonymous_1)
FNDA:11,(anonymous_2)
DA:1,5
DA:2,5
DA:6,7
DA:7,7
DA:8,7
DA:12,13
DA:16,11
DA:18,11
DA:19,3
DA:24,5
LF:10
LH:10
BRDA:5,0,0,7
BRDA:18,1,0,3
BRDA:18,1,1,8
BRF:3
BRH:3
end_of_record
TN:
SF:src/Infrastructures/security/JwtTokenManager.js
FN:5,(anonymous_0)
FN:10,(anonymous_1)
FN:14,(anonymous_2)
FN:18,(anonymous_3)
FN:27,(anonymous_4)
FNF:5
FNH:5
FNDA:8,(anonymous_0)
FNDA:9,(anonymous_1)
FNDA:9,(anonymous_2)
FNDA:7,(anonymous_3)
FNDA:2,(anonymous_4)
DA:1,5
DA:2,5
DA:6,8
DA:7,8
DA:11,9
DA:15,9
DA:19,7
DA:20,7
DA:21,5
DA:23,3
DA:28,2
DA:29,2
DA:33,5
LF:13
LH:13
BRF:0
BRH:0
end_of_record
TN:
SF:src/Interfaces/http/api/authentications/handler.js
FN:6,(anonymous_0)
FN:14,(anonymous_1)
FN:28,(anonymous_2)
FN:41,(anonymous_3)
FNF:4
FNH:4
FNDA:40,(anonymous_0)
FNDA:16,(anonymous_1)
FNDA:9,(anonymous_2)
FNDA:8,(anonymous_3)
DA:1,5
DA:2,5
DA:3,5
DA:7,40
DA:9,40
DA:10,40
DA:11,40
DA:15,16
DA:16,16
DA:17,5
DA:24,5
DA:25,5
DA:29,9
DA:31,9
DA:33,1
DA:42,8
DA:43,8
DA:44,2
DA:50,5
LF:19
LH:19
BRF:0
BRH:0
end_of_record
TN:
SF:src/Interfaces/http/api/authentications/index.js
FN:6,(anonymous_0)
FNF:1
FNH:1
FNDA:40,(anonymous_0)
DA:1,5
DA:2,5
DA:4,5
DA:7,40
DA:8,40
LF:5
LH:5
BRF:0
BRH:0
end_of_record
TN:
SF:src/Interfaces/http/api/authentications/routes.js
FN:1,(anonymous_0)
FNF:1
FNH:1
FNDA:40,(anonymous_0)
DA:1,40
DA:19,5
LF:2
LH:2
BRF:0
BRH:0
end_of_record
TN:
SF:src/Interfaces/http/api/comments/handler.js
FN:5,(anonymous_0)
FN:11,(anonymous_1)
FN:27,(anonymous_2)
FNF:3
FNH:1
FNDA:40,(anonymous_0)
FNDA:0,(anonymous_1)
FNDA:0,(anonymous_2)
DA:1,5
DA:2,5
DA:6,40
DA:7,40
DA:8,40
DA:12,0
DA:13,0
DA:14,0
DA:15,0
DA:17,0
DA:23,0
DA:24,0
DA:28,0
DA:29,0
DA:30,0
DA:32,0
DA:34,0
DA:40,5
LF:18
LH:6
BRF:0
BRH:0
end_of_record
TN:
SF:src/Interfaces/http/api/comments/index.js
FN:6,(anonymous_0)
FNF:1
FNH:1
FNDA:40,(anonymous_0)
DA:1,5
DA:2,5
DA:4,5
DA:7,40
DA:8,40
LF:5
LH:5
BRF:0
BRH:0
end_of_record
TN:
SF:src/Interfaces/http/api/comments/routes.js
FN:1,(anonymous_0)
FNF:1
FNH:1
FNDA:40,(anonymous_0)
DA:1,40
DA:20,5
LF:2
LH:2
BRF:0
BRH:0
end_of_record
TN:
SF:src/Interfaces/http/api/replies/handler.js
FN:5,(anonymous_0)
FN:11,(anonymous_1)
FN:32,(anonymous_2)
FNF:3
FNH:1
FNDA:40,(anonymous_0)
FNDA:0,(anonymous_1)
FNDA:0,(anonymous_2)
DA:1,5
DA:2,5
DA:6,40
DA:7,40
DA:8,40
DA:12,0
DA:13,0
DA:14,0
DA:15,0
DA:22,0
DA:28,0
DA:29,0
DA:33,0
DA:34,0
DA:35,0
DA:37,0
DA:39,0
DA:45,5
LF:18
LH:6
BRF:0
BRH:0
end_of_record
TN:
SF:src/Interfaces/http/api/replies/index.js
FN:6,(anonymous_0)
FNF:1
FNH:1
FNDA:40,(anonymous_0)
DA:1,5
DA:2,5
DA:4,5
DA:7,40
DA:8,40
LF:5
LH:5
BRF:0
BRH:0
end_of_record
TN:
SF:src/Interfaces/http/api/replies/routes.js
FN:1,(anonymous_0)
FNF:1
FNH:1
FNDA:40,(anonymous_0)
DA:1,40
DA:20,5
LF:2
LH:2
BRF:0
BRH:0
end_of_record
TN:
SF:src/Interfaces/http/api/threads/handler.js
FN:5,(anonymous_0)
FN:11,(anonymous_1)
FN:26,(anonymous_2)
FNF:3
FNH:2
FNDA:40,(anonymous_0)
FNDA:2,(anonymous_1)
FNDA:0,(anonymous_2)
DA:1,5
DA:2,5
DA:6,40
DA:7,40
DA:8,40
DA:12,2
DA:13,2
DA:14,2
DA:16,1
DA:22,1
DA:23,1
DA:27,0
DA:28,0
DA:29,0
DA:31,0
DA:36,0
DA:40,5
LF:17
LH:12
BRF:0
BRH:0
end_of_record
TN:
SF:src/Interfaces/http/api/threads/index.js
FN:6,(anonymous_0)
FNF:1
FNH:1
FNDA:40,(anonymous_0)
DA:1,5
DA:2,5
DA:4,5
DA:7,40
DA:8,40
LF:5
LH:5
BRF:0
BRH:0
end_of_record
TN:
SF:src/Interfaces/http/api/threads/routes.js
FN:1,(anonymous_0)
FNF:1
FNH:1
FNDA:40,(anonymous_0)
DA:1,40
DA:17,5
LF:2
LH:2
BRF:0
BRH:0
end_of_record
TN:
SF:src/Interfaces/http/api/users/handler.js
FN:4,(anonymous_0)
FN:10,(anonymous_1)
FNF:2
FNH:2
FNDA:40,(anonymous_0)
FNDA:17,(anonymous_1)
DA:1,5
DA:5,40
DA:7,40
DA:11,17
DA:12,16
DA:14,8
DA:20,8
DA:21,8
DA:25,5
LF:9
LH:9
BRF:0
BRH:0
end_of_record
TN:
SF:src/Interfaces/http/api/users/index.js
FN:6,(anonymous_0)
FNF:1
FNH:1
FNDA:40,(anonymous_0)
DA:1,5
DA:2,5
DA:4,5
DA:7,40
DA:8,40
LF:5
LH:5
BRF:0
BRH:0
end_of_record
TN:
SF:src/Interfaces/http/api/users/routes.js
FN:1,(anonymous_0)
FNF:1
FNH:1
FNDA:40,(anonymous_0)
DA:1,40
DA:9,5
LF:2
LH:2
BRF:0
BRH:0
end_of_record
TN:
SF:tests/CommentRepliesTableTestHelper.js
FN:4,(anonymous_0)
FN:21,(anonymous_1)
FN:31,(anonymous_2)
FNF:3
FNH:2
FNDA:0,(anonymous_0)
FNDA:1,(anonymous_1)
FNDA:3,(anonymous_2)
DA:1,1
DA:3,1
DA:13,0
DA:18,0
DA:22,1
DA:27,1
DA:28,1
DA:32,3
DA:36,1
LF:9
LH:7
BRDA:5,0,0,0
BRDA:6,1,0,0
BRDA:7,2,0,0
BRDA:8,3,0,0
BRDA:9,4,0,0
BRDA:10,5,0,0
BRDA:11,6,0,0
BRF:7
BRH:0
end_of_record
TN:
SF:tests/CommentsTableTestHelper.js
FN:5,(anonymous_0)
FN:21,(anonymous_1)
FN:31,(anonymous_2)
FNF:3
FNH:3
FNDA:1,(anonymous_0)
FNDA:1,(anonymous_1)
FNDA:4,(anonymous_2)
DA:2,2
DA:4,2
DA:13,1
DA:18,1
DA:22,1
DA:27,1
DA:28,1
DA:32,4
DA:36,2
LF:9
LH:9
BRDA:6,0,0,0
BRDA:7,1,0,1
BRDA:8,2,0,1
BRDA:9,3,0,1
BRDA:10,4,0,0
BRDA:11,5,0,1
BRF:6
BRH:4
end_of_record
TN:
SF:tests/ThreadsTableTestHelper.js
FN:5,(anonymous_0)
FN:20,(anonymous_1)
FN:30,(anonymous_2)
FNF:3
FNH:3
FNDA:2,(anonymous_0)
FNDA:1,(anonymous_1)
FNDA:8,(anonymous_2)
DA:2,4
DA:4,4
DA:12,2
DA:17,2
DA:21,1
DA:26,1
DA:27,1
DA:31,8
DA:35,4
LF:9
LH:9
BRDA:6,0,0,0
BRDA:7,1,0,2
BRDA:8,2,0,2
BRDA:9,3,0,2
BRDA:10,4,0,2
BRF:5
BRH:4
end_of_record
