TN:
SF:src/Applications/security/AuthenticationTokenManager.js
FN:2,(anonymous_0)
FN:6,(anonymous_1)
FN:10,(anonymous_2)
FN:14,(anonymous_3)
FNF:4
FNH:4
FNDA:1,(anonymous_0)
FNDA:1,(anonymous_1)
FNDA:1,(anonymous_2)
FNDA:1,(anonymous_3)
DA:3,1
DA:7,1
DA:11,1
DA:15,1
DA:19,9
LF:5
LH:5
BRF:0
BRH:0
end_of_record
TN:
SF:src/Applications/security/PasswordHash.js
FN:2,(anonymous_0)
FN:6,(anonymous_1)
FNF:2
FNH:2
FNDA:1,(anonymous_0)
FNDA:1,(anonymous_1)
DA:3,1
DA:7,1
DA:11,9
LF:3
LH:3
BRF:0
BRH:0
end_of_record
TN:
SF:src/Applications/use_case/authentications/DeleteAuthenticationUseCase.js
FN:2,(anonymous_0)
FN:8,(anonymous_1)
FN:15,(anonymous_2)
FNF:3
FNH:3
FNDA:3,(anonymous_0)
FNDA:3,(anonymous_1)
FNDA:3,(anonymous_2)
DA:5,3
DA:9,3
DA:10,1
DA:11,1
DA:12,1
DA:16,3
DA:17,3
DA:18,1
DA:21,2
DA:22,1
DA:27,1
LF:11
LH:11
BRDA:17,0,0,1
BRDA:17,0,1,2
BRDA:21,1,0,1
BRDA:21,1,1,1
BRF:4
BRH:4
end_of_record
TN:
SF:src/Applications/use_case/authentications/RefreshAuthenticationUseCase.js
FN:2,(anonymous_0)
FN:10,(anonymous_1)
FN:22,(anonymous_2)
FNF:3
FNH:3
FNDA:4,(anonymous_0)
FNDA:8,(anonymous_1)
FNDA:8,(anonymous_2)
DA:6,4
DA:7,4
DA:11,8
DA:12,4
DA:14,4
DA:15,3
DA:17,2
DA:19,2
DA:23,8
DA:25,8
DA:26,2
DA:29,6
DA:30,2
DA:35,7
LF:14
LH:14
BRDA:25,0,0,2
BRDA:25,0,1,6
BRDA:29,1,0,2
BRDA:29,1,1,4
BRF:4
BRH:4
end_of_record
TN:
SF:src/Applications/use_case/comments/AddCommentUseCase.js
FN:4,(anonymous_0)
FN:10,(anonymous_1)
FNF:2
FNH:2
FNDA:3,(anonymous_0)
FNDA:7,(anonymous_1)
DA:1,7
DA:5,3
DA:6,3
DA:7,3
DA:11,7
DA:12,7
DA:13,7
DA:14,6
DA:16,5
DA:20,7
LF:10
LH:10
BRF:0
BRH:0
end_of_record
TN:
SF:src/Applications/use_case/comments/DeleteCommentUseCase.js
FN:2,(anonymous_0)
FN:8,(anonymous_1)
FNF:2
FNH:2
FNDA:2,(anonymous_0)
FNDA:3,(anonymous_1)
DA:3,2
DA:4,2
DA:5,2
DA:9,3
DA:10,3
DA:11,3
DA:12,3
DA:14,2
DA:18,7
LF:9
LH:9
BRF:0
BRH:0
end_of_record
TN:
SF:src/Applications/use_case/replies/AddCommentReplyUseCase.js
FN:4,(anonymous_0)
FN:13,(anonymous_1)
FNF:2
FNH:2
FNDA:2,(anonymous_0)
FNDA:2,(anonymous_1)
DA:1,7
DA:7,2
DA:8,2
DA:9,2
DA:10,2
DA:14,2
DA:15,2
DA:16,2
DA:17,2
DA:18,2
DA:20,2
DA:24,7
LF:12
LH:12
BRF:0
BRH:0
end_of_record
TN:
SF:src/Applications/use_case/replies/DeleteReplyUseCase.js
FN:2,(anonymous_0)
FN:11,(anonymous_1)
FNF:2
FNH:2
FNDA:2,(anonymous_0)
FNDA:2,(anonymous_1)
DA:5,2
DA:6,2
DA:7,2
DA:8,2
DA:14,2
DA:16,2
DA:17,2
DA:18,2
DA:19,2
DA:21,2
DA:25,7
LF:11
LH:11
BRF:0
BRH:0
end_of_record
TN:
SF:src/Applications/use_case/threads/AddThreadUseCase.js
FN:4,(anonymous_0)
FN:9,(anonymous_1)
FNF:2
FNH:2
FNDA:4,(anonymous_0)
FNDA:11,(anonymous_1)
DA:1,7
DA:5,4
DA:6,4
DA:10,11
DA:11,11
DA:12,11
DA:14,10
DA:18,7
LF:8
LH:8
BRF:0
BRH:0
end_of_record
TN:
SF:src/Applications/use_case/threads/GetThreadDetailUseCase.js
FN:2,(anonymous_0)
FN:11,(anonymous_1)
FN:16,(anonymous_2)
FN:22,(anonymous_3)
FN:23,(anonymous_4)
FNF:5
FNH:5
FNDA:2,(anonymous_0)
FNDA:2,(anonymous_1)
FNDA:1,(anonymous_2)
FNDA:1,(anonymous_3)
FNDA:1,(anonymous_4)
DA:5,2
DA:6,2
DA:7,2
DA:8,2
DA:12,2
DA:13,2
DA:14,1
DA:16,1
DA:22,1
DA:23,1
DA:31,1
DA:35,7
LF:12
LH:12
BRF:0
BRH:0
end_of_record
TN:
SF:src/Applications/use_case/users/AddUserUseCase.js
FN:4,(anonymous_0)
FN:9,(anonymous_1)
FNF:2
FNH:2
FNDA:6,(anonymous_0)
FNDA:28,(anonymous_1)
DA:1,7
DA:5,6
DA:6,6
DA:10,28
DA:11,24
DA:12,23
DA:13,23
DA:17,7
LF:8
LH:8
BRF:0
BRH:0
end_of_record
TN:
SF:src/Applications/use_case/users/LoginUserUseCase.js
FN:5,(anonymous_0)
FN:17,(anonymous_1)
FNF:2
FNH:2
FNDA:5,(anonymous_0)
FNDA:25,(anonymous_1)
DA:1,7
DA:2,7
DA:11,5
DA:12,5
DA:13,5
DA:14,5
DA:18,25
DA:20,23
DA:22,21
DA:24,20
DA:26,13
DA:27,13
DA:32,13
DA:37,13
DA:39,13
DA:43,7
LF:16
LH:16
BRF:0
BRH:0
end_of_record
TN:
SF:src/Applications/use_case/users/LogoutUserUseCase.js
FN:2,(anonymous_0)
FN:8,(anonymous_1)
FN:15,(anonymous_2)
FNF:3
FNH:3
FNDA:4,(anonymous_0)
FNDA:7,(anonymous_1)
FNDA:7,(anonymous_2)
DA:5,4
DA:9,7
DA:10,3
DA:11,3
DA:12,2
DA:16,7
DA:17,7
DA:18,2
DA:21,5
DA:22,2
DA:27,7
LF:11
LH:11
BRDA:17,0,0,2
BRDA:17,0,1,5
BRDA:21,1,0,2
BRDA:21,1,1,3
BRF:4
BRH:4
end_of_record
TN:
SF:src/Commons/exceptions/AuthenticationError.js
FN:4,(anonymous_0)
FNF:1
FNH:1
FNDA:3,(anonymous_0)
DA:1,8
DA:5,3
DA:6,3
DA:10,8
LF:4
LH:4
BRF:0
BRH:0
end_of_record
TN:
SF:src/Commons/exceptions/AuthorizationError.js
FN:4,(anonymous_0)
FNF:1
FNH:1
FNDA:3,(anonymous_0)
DA:1,8
DA:5,3
DA:6,3
DA:10,8
LF:4
LH:4
BRF:0
BRH:0
end_of_record
TN:
SF:src/Commons/exceptions/ClientError.js
FN:2,(anonymous_0)
FNF:1
FNH:1
FNDA:152,(anonymous_0)
DA:3,152
DA:5,152
DA:6,1
DA:9,151
DA:10,151
DA:14,19
LF:6
LH:6
BRDA:2,0,0,136
BRDA:5,1,0,1
BRDA:5,1,1,151
BRF:3
BRH:3
end_of_record
TN:
SF:src/Commons/exceptions/DomainErrorTranslator.js
FN:4,(anonymous_0)
FNF:1
FNH:1
FNDA:49,(anonymous_0)
DA:1,7
DA:3,7
DA:5,49
DA:9,7
DA:28,7
LF:5
LH:5
BRDA:5,0,0,49
BRDA:5,0,1,33
BRF:2
BRH:2
end_of_record
TN:
SF:src/Commons/exceptions/InvariantError.js
FN:4,(anonymous_0)
FNF:1
FNH:1
FNDA:135,(anonymous_0)
DA:1,11
DA:5,135
DA:6,135
DA:10,11
LF:4
LH:4
BRF:0
BRH:0
end_of_record
TN:
SF:src/Commons/exceptions/NotFoundError.js
FN:4,(anonymous_0)
FNF:1
FNH:1
FNDA:10,(anonymous_0)
DA:1,9
DA:5,10
DA:6,10
DA:10,9
LF:4
LH:4
BRF:0
BRH:0
end_of_record
TN:
SF:src/Domains/authentications/AuthenticationRepository.js
FN:2,(anonymous_0)
FN:6,(anonymous_1)
FN:10,(anonymous_2)
FNF:3
FNH:3
FNDA:1,(anonymous_0)
FNDA:1,(anonymous_1)
FNDA:1,(anonymous_2)
DA:3,1
DA:7,1
DA:11,1
DA:15,11
LF:4
LH:4
BRF:0
BRH:0
end_of_record
TN:
SF:src/Domains/authentications/entities/NewAuth.js
FN:2,(anonymous_0)
FN:9,(anonymous_1)
FNF:2
FNH:2
FNDA:18,(anonymous_0)
FNDA:18,(anonymous_1)
DA:3,18
DA:5,16
DA:6,16
DA:10,18
DA:12,18
DA:13,1
DA:16,17
DA:17,1
DA:22,8
LF:9
LH:9
BRDA:12,0,0,1
BRDA:12,0,1,17
BRDA:12,1,0,18
BRDA:12,1,1,18
BRDA:16,2,0,1
BRDA:16,2,1,16
BRDA:16,3,0,17
BRDA:16,3,1,17
BRF:8
BRH:8
end_of_record
TN:
SF:src/Domains/comments/CommentRepository.js
FN:2,(anonymous_0)
FN:6,(anonymous_1)
FN:10,(anonymous_2)
FN:14,(anonymous_3)
FNF:4
FNH:4
FNDA:1,(anonymous_0)
FNDA:1,(anonymous_1)
FNDA:1,(anonymous_2)
FNDA:1,(anonymous_3)
DA:3,1
DA:7,1
DA:11,1
DA:15,1
DA:19,12
LF:5
LH:5
BRF:0
BRH:0
end_of_record
TN:
SF:src/Domains/comments/entities/AddedComment.js
FN:2,(anonymous_0)
FN:12,(anonymous_1)
FNF:2
FNH:2
FNDA:11,(anonymous_0)
FNDA:11,(anonymous_1)
DA:3,11
DA:5,8
DA:7,8
DA:8,8
DA:9,8
DA:13,11
DA:14,1
DA:17,10
DA:18,2
DA:23,9
LF:10
LH:10
BRDA:13,0,0,1
BRDA:13,0,1,10
BRDA:13,1,0,11
BRDA:13,1,1,10
BRDA:13,1,2,10
BRDA:17,2,0,2
BRDA:17,2,1,8
BRDA:17,3,0,10
BRDA:17,3,1,8
BRDA:17,3,2,8
BRF:10
BRH:10
end_of_record
TN:
SF:src/Domains/comments/entities/CommentDetail.js
FN:2,(anonymous_0)
FN:15,(anonymous_1)
FNF:2
FNH:2
FNDA:3,(anonymous_0)
FNDA:3,(anonymous_1)
DA:3,3
DA:7,1
DA:9,1
DA:10,1
DA:11,1
DA:12,1
DA:18,3
DA:19,1
DA:22,2
DA:28,1
DA:33,1
LF:11
LH:11
BRDA:18,0,0,1
BRDA:18,0,1,2
BRDA:18,1,0,3
BRDA:18,1,1,2
BRDA:18,1,2,2
BRDA:18,1,3,2
BRDA:22,2,0,1
BRDA:22,2,1,1
BRDA:23,3,0,2
BRDA:23,3,1,1
BRDA:23,3,2,1
BRDA:23,3,3,1
BRF:12
BRH:12
end_of_record
TN:
SF:src/Domains/comments/entities/NewComment.js
FN:2,(anonymous_0)
FN:12,(anonymous_1)
FNF:2
FNH:2
FNDA:11,(anonymous_0)
FNDA:11,(anonymous_1)
DA:3,11
DA:5,9
DA:7,9
DA:8,9
DA:9,9
DA:13,11
DA:14,1
DA:17,10
DA:18,1
DA:23,8
LF:10
LH:10
BRDA:13,0,0,1
BRDA:13,0,1,10
BRDA:13,1,0,11
BRDA:13,1,1,11
BRDA:13,1,2,11
BRDA:17,2,0,1
BRDA:17,2,1,9
BRDA:17,3,0,10
BRDA:17,3,1,9
BRDA:17,3,2,9
BRF:10
BRH:10
end_of_record
TN:
SF:src/Domains/replies/CommentReplyRepository.js
FN:2,(anonymous_0)
FN:6,(anonymous_1)
FN:10,(anonymous_2)
FN:14,(anonymous_3)
FNF:4
FNH:4
FNDA:1,(anonymous_0)
FNDA:1,(anonymous_1)
FNDA:1,(anonymous_2)
FNDA:1,(anonymous_3)
DA:3,1
DA:7,1
DA:11,1
DA:15,1
DA:19,10
LF:5
LH:5
BRF:0
BRH:0
end_of_record
TN:
SF:src/Domains/replies/entities/AddedCommentReply.js
FN:2,(anonymous_0)
FN:15,(anonymous_1)
FNF:2
FNH:2
FNDA:7,(anonymous_0)
FNDA:7,(anonymous_1)
DA:3,7
DA:7,5
DA:9,5
DA:10,5
DA:11,5
DA:12,5
DA:18,7
DA:19,1
DA:22,6
DA:28,1
DA:33,9
LF:11
LH:11
BRDA:18,0,0,1
BRDA:18,0,1,6
BRDA:18,1,0,7
BRDA:18,1,1,6
BRDA:18,1,2,6
BRDA:18,1,3,6
BRDA:22,2,0,1
BRDA:22,2,1,5
BRDA:23,3,0,6
BRDA:23,3,1,5
BRDA:23,3,2,5
BRDA:23,3,3,5
BRF:12
BRH:12
end_of_record
TN:
SF:src/Domains/replies/entities/CommentReplyDetail.js
FN:2,(anonymous_0)
FN:15,(anonymous_1)
FNF:2
FNH:2
FNDA:3,(anonymous_0)
FNDA:3,(anonymous_1)
DA:3,3
DA:7,1
DA:9,1
DA:10,1
DA:11,1
DA:12,1
DA:18,3
DA:19,1
DA:22,2
DA:28,1
DA:33,1
LF:11
LH:11
BRDA:18,0,0,1
BRDA:18,0,1,2
BRDA:18,1,0,3
BRDA:18,1,1,2
BRDA:18,1,2,2
BRDA:18,1,3,2
BRDA:22,2,0,1
BRDA:22,2,1,1
BRDA:23,3,0,2
BRDA:23,3,1,1
BRDA:23,3,2,1
BRDA:23,3,3,1
BRF:12
BRH:12
end_of_record
TN:
SF:src/Domains/replies/entities/NewCommentReply.js
FN:2,(anonymous_0)
FN:12,(anonymous_1)
FNF:2
FNH:2
FNDA:8,(anonymous_0)
FNDA:8,(anonymous_1)
DA:3,8
DA:5,6
DA:7,6
DA:8,6
DA:9,6
DA:13,8
DA:14,1
DA:17,7
DA:18,1
DA:23,8
LF:10
LH:10
BRDA:13,0,0,1
BRDA:13,0,1,7
BRDA:13,1,0,8
BRDA:13,1,1,8
BRDA:13,1,2,8
BRDA:17,2,0,1
BRDA:17,2,1,6
BRDA:17,3,0,7
BRDA:17,3,1,6
BRDA:17,3,2,6
BRF:10
BRH:10
end_of_record
TN:
SF:src/Domains/threads/ThreadRepository.js
FN:2,(anonymous_0)
FN:6,(anonymous_1)
FN:10,(anonymous_2)
FNF:3
FNH:3
FNDA:1,(anonymous_0)
FNDA:1,(anonymous_1)
FNDA:1,(anonymous_2)
DA:3,1
DA:7,1
DA:11,1
DA:15,13
LF:4
LH:4
BRF:0
BRH:0
end_of_record
TN:
SF:src/Domains/threads/entities/AddedThread.js
FN:2,(anonymous_0)
FN:12,(anonymous_1)
FNF:2
FNH:2
FNDA:16,(anonymous_0)
FNDA:16,(anonymous_1)
DA:3,16
DA:5,13
DA:7,13
DA:8,13
DA:9,13
DA:13,16
DA:14,2
DA:17,14
DA:18,1
DA:23,9
LF:10
LH:10
BRDA:13,0,0,2
BRDA:13,0,1,14
BRDA:13,1,0,16
BRDA:13,1,1,16
BRDA:13,1,2,14
BRDA:17,2,0,1
BRDA:17,2,1,13
BRDA:17,3,0,14
BRDA:17,3,1,13
BRDA:17,3,2,13
BRF:10
BRH:10
end_of_record
TN:
SF:src/Domains/threads/entities/NewThread.js
FN:2,(anonymous_0)
FN:12,(anonymous_1)
FNF:2
FNH:2
FNDA:15,(anonymous_0)
FNDA:15,(anonymous_1)
DA:3,15
DA:5,13
DA:7,13
DA:8,13
DA:9,13
DA:13,15
DA:14,1
DA:17,14
DA:18,1
DA:23,8
LF:10
LH:10
BRDA:13,0,0,1
BRDA:13,0,1,14
BRDA:13,1,0,15
BRDA:13,1,1,15
BRDA:13,1,2,15
BRDA:17,2,0,1
BRDA:17,2,1,13
BRDA:17,3,0,14
BRDA:17,3,1,13
BRDA:17,3,2,13
BRF:10
BRH:10
end_of_record
TN:
SF:src/Domains/threads/entities/ThreadDetail.js
FN:2,(anonymous_0)
FN:16,(anonymous_1)
FNF:2
FNH:2
FNDA:6,(anonymous_0)
FNDA:6,(anonymous_1)
DA:3,6
DA:7,4
DA:9,4
DA:10,4
DA:11,4
DA:12,4
DA:13,4
DA:19,6
DA:20,1
DA:23,5
DA:30,1
DA:35,7
LF:12
LH:12
BRDA:19,0,0,1
BRDA:19,0,1,5
BRDA:19,1,0,6
BRDA:19,1,1,5
BRDA:19,1,2,5
BRDA:19,1,3,5
BRDA:19,1,4,5
BRDA:23,2,0,1
BRDA:23,2,1,4
BRDA:24,3,0,5
BRDA:24,3,1,4
BRDA:24,3,2,4
BRDA:24,3,3,4
BRDA:24,3,4,4
BRF:14
BRH:14
end_of_record
TN:
SF:src/Domains/users/UserRepository.js
FN:2,(anonymous_0)
FN:6,(anonymous_1)
FN:10,(anonymous_2)
FN:14,(anonymous_3)
FN:18,(anonymous_4)
FNF:5
FNH:5
FNDA:1,(anonymous_0)
FNDA:1,(anonymous_1)
FNDA:1,(anonymous_2)
FNDA:1,(anonymous_3)
FNDA:1,(anonymous_4)
DA:3,1
DA:7,1
DA:11,1
DA:15,1
DA:19,1
DA:23,14
LF:6
LH:6
BRF:0
BRH:0
end_of_record
TN:
SF:src/Domains/users/entities/RegisterUser.js
FN:2,(anonymous_0)
FN:12,(anonymous_1)
FNF:2
FNH:2
FNDA:36,(anonymous_0)
FNDA:36,(anonymous_1)
DA:3,36
DA:5,28
DA:7,28
DA:8,28
DA:9,28
DA:13,36
DA:14,2
DA:17,34
DA:18,2
DA:21,32
DA:22,2
DA:25,30
DA:26,2
DA:31,9
LF:14
LH:14
BRDA:13,0,0,2
BRDA:13,0,1,34
BRDA:13,1,0,36
BRDA:13,1,1,35
BRDA:13,1,2,35
BRDA:17,2,0,2
BRDA:17,2,1,32
BRDA:17,3,0,34
BRDA:17,3,1,33
BRDA:17,3,2,33
BRDA:21,4,0,2
BRDA:21,4,1,30
BRDA:25,5,0,2
BRDA:25,5,1,28
BRF:14
BRH:14
end_of_record
TN:
SF:src/Domains/users/entities/RegisteredUser.js
FN:2,(anonymous_0)
FN:12,(anonymous_1)
FNF:2
FNH:2
FNDA:21,(anonymous_0)
FNDA:21,(anonymous_1)
DA:3,21
DA:5,19
DA:7,19
DA:8,19
DA:9,19
DA:13,21
DA:14,1
DA:17,20
DA:18,1
DA:23,8
LF:10
LH:10
BRDA:13,0,0,1
BRDA:13,0,1,20
BRDA:13,1,0,21
BRDA:13,1,1,20
BRDA:13,1,2,20
BRDA:17,2,0,1
BRDA:17,2,1,19
BRDA:17,3,0,20
BRDA:17,3,1,19
BRDA:17,3,2,19
BRF:10
BRH:10
end_of_record
TN:
SF:src/Domains/users/entities/UserLogin.js
FN:2,(anonymous_0)
FN:9,(anonymous_1)
FNF:2
FNH:2
FNDA:28,(anonymous_0)
FNDA:28,(anonymous_1)
DA:3,28
DA:5,24
DA:6,24
DA:10,28
DA:12,28
DA:13,2
DA:16,26
DA:17,2
DA:22,8
LF:9
LH:9
BRDA:12,0,0,2
BRDA:12,0,1,26
BRDA:12,1,0,28
BRDA:12,1,1,28
BRDA:16,2,0,2
BRDA:16,2,1,24
BRDA:16,3,0,26
BRDA:16,3,1,25
BRF:8
BRH:8
end_of_record
TN:
SF:src/Infrastructures/container.js
FNF:0
FNH:0
DA:1,5
DA:4,5
DA:5,5
DA:6,5
DA:7,5
DA:10,5
DA:11,5
DA:12,5
DA:13,5
DA:16,5
DA:17,5
DA:18,5
DA:19,5
DA:20,5
DA:21,5
DA:22,5
DA:23,5
DA:24,5
DA:25,5
DA:26,5
DA:27,5
DA:28,5
DA:29,5
DA:30,5
DA:31,5
DA:32,5
DA:33,5
DA:34,5
DA:35,5
DA:38,5
DA:41,5
DA:134,5
DA:343,5
LF:33
LH:33
BRF:0
BRH:0
end_of_record
TN:
SF:src/Infrastructures/http/createServer.js
FN:11,(anonymous_0)
FN:31,(anonymous_1)
FN:62,(anonymous_2)
FNF:3
FNH:3
FNDA:41,(anonymous_0)
FNDA:20,(anonymous_1)
FNDA:86,(anonymous_2)
DA:1,6
DA:2,6
DA:3,6
DA:4,6
DA:5,6
DA:6,6
DA:7,6
DA:8,6
DA:9,6
DA:11,6
DA:12,41
DA:17,41
DA:23,41
DA:31,20
DA:39,41
DA:62,41
DA:64,86
DA:66,86
DA:67,44
DA:69,44
DA:72,44
DA:73,29
DA:77,29
DA:78,29
DA:82,15
DA:83,4
DA:87,11
DA:91,11
DA:92,11
DA:96,42
DA:99,41
DA:102,6
LF:32
LH:32
BRDA:66,0,0,44
BRDA:66,0,1,42
BRDA:72,1,0,29
BRDA:72,1,1,15
BRDA:82,2,0,4
BRDA:82,2,1,11
BRF:6
BRH:6
end_of_record
TN:
SF:src/Infrastructures/repository/AuthenticationRepositoryPostgres.js
FN:5,(anonymous_0)
FN:10,(anonymous_1)
FN:19,(anonymous_2)
FN:32,(anonymous_3)
FNF:4
FNH:4
FNDA:8,(anonymous_0)
FNDA:13,(anonymous_1)
FNDA:6,(anonymous_2)
FNDA:2,(anonymous_3)
DA:1,6
DA:2,6
DA:6,8
DA:7,8
DA:11,13
DA:16,13
DA:20,6
DA:25,6
DA:27,6
DA:28,3
DA:33,2
DA:38,2
DA:42,6
LF:13
LH:13
BRDA:27,0,0,3
BRDA:27,0,1,3
BRF:2
BRH:2
end_of_record
TN:
SF:src/Infrastructures/repository/CommentReplyRepositoryPostgres.js
FN:7,(anonymous_0)
FN:13,(anonymous_1)
FN:35,(anonymous_2)
FN:55,(anonymous_3)
FN:68,(anonymous_4)
FNF:5
FNH:5
FNDA:9,(anonymous_0)
FNDA:2,(anonymous_1)
FNDA:2,(anonymous_2)
FNDA:3,(anonymous_3)
FNDA:2,(anonymous_4)
DA:1,6
DA:2,6
DA:3,6
DA:4,6
DA:8,9
DA:9,9
DA:10,9
DA:16,2
DA:17,2
DA:18,2
DA:19,2
DA:21,2
DA:26,2
DA:28,2
DA:36,2
DA:46,2
DA:48,2
DA:49,1
DA:52,1
DA:56,3
DA:61,3
DA:63,3
DA:64,1
DA:69,2
DA:74,2
DA:76,2
DA:77,1
DA:80,1
DA:84,6
LF:29
LH:29
BRDA:48,0,0,1
BRDA:48,0,1,1
BRDA:63,1,0,1
BRDA:63,1,1,2
BRDA:76,2,0,1
BRDA:76,2,1,1
BRF:6
BRH:6
end_of_record
TN:
SF:src/Infrastructures/repository/CommentRepositoryPostgres.js
FN:7,(anonymous_0)
FN:13,(anonymous_1)
FN:33,(anonymous_2)
FN:53,(anonymous_3)
FN:68,(anonymous_4)
FNF:5
FNH:5
FNDA:10,(anonymous_0)
FNDA:5,(anonymous_1)
FNDA:3,(anonymous_2)
FNDA:6,(anonymous_3)
FNDA:3,(anonymous_4)
DA:1,6
DA:2,6
DA:3,6
DA:4,6
DA:8,10
DA:9,10
DA:10,10
DA:14,5
DA:15,5
DA:16,5
DA:17,5
DA:19,5
DA:24,5
DA:26,5
DA:34,3
DA:44,3
DA:46,3
DA:47,2
DA:50,1
DA:54,6
DA:59,6
DA:61,6
DA:62,2
DA:65,4
DA:69,3
DA:74,3
DA:76,3
DA:77,1
DA:80,2
DA:84,6
LF:30
LH:30
BRDA:46,0,0,2
BRDA:46,0,1,1
BRDA:61,1,0,2
BRDA:61,1,1,4
BRDA:76,2,0,1
BRDA:76,2,1,2
BRF:6
BRH:6
end_of_record
TN:
SF:src/Infrastructures/repository/ThreadRepositoryPostgres.js
FN:7,(anonymous_0)
FN:13,(anonymous_1)
FN:32,(anonymous_2)
FN:48,(anonymous_3)
FNF:4
FNH:4
FNDA:8,(anonymous_0)
FNDA:10,(anonymous_1)
FNDA:3,(anonymous_2)
FNDA:12,(anonymous_3)
DA:1,6
DA:2,6
DA:3,6
DA:4,6
DA:8,8
DA:9,8
DA:10,8
DA:14,10
DA:15,10
DA:16,10
DA:18,10
DA:23,10
DA:25,10
DA:33,3
DA:41,3
DA:42,3
DA:43,1
DA:45,2
DA:49,12
DA:54,12
DA:56,12
DA:57,2
DA:62,6
LF:23
LH:23
BRDA:42,0,0,1
BRDA:42,0,1,2
BRDA:56,1,0,2
BRDA:56,1,1,10
BRF:4
BRH:4
end_of_record
TN:
SF:src/Infrastructures/repository/UserRepositoryPostgres.js
FN:7,(anonymous_0)
FN:13,(anonymous_1)
FN:26,(anonymous_2)
FN:40,(anonymous_3)
FN:55,(anonymous_4)
FN:72,(anonymous_5)
FNF:6
FNH:6
FNDA:13,(anonymous_0)
FNDA:25,(anonymous_1)
FNDA:24,(anonymous_2)
FNDA:24,(anonymous_3)
FNDA:21,(anonymous_4)
FNDA:20,(anonymous_5)
DA:1,6
DA:2,6
DA:3,6
DA:4,6
DA:8,13
DA:9,13
DA:10,13
DA:14,25
DA:19,25
DA:21,25
DA:22,2
DA:27,24
DA:28,24
DA:30,24
DA:35,24
DA:37,15
DA:41,24
DA:46,24
DA:48,24
DA:49,3
DA:52,21
DA:56,21
DA:61,21
DA:63,21
DA:64,8
DA:67,13
DA:69,13
DA:73,20
DA:78,20
DA:80,20
DA:81,0
DA:86,6
LF:32
LH:31
BRDA:21,0,0,2
BRDA:21,0,1,23
BRDA:48,1,0,3
BRDA:48,1,1,21
BRDA:63,2,0,8
BRDA:63,2,1,13
BRDA:80,3,0,0
BRDA:80,3,1,20
BRF:8
BRH:7
end_of_record
TN:
SF:src/Infrastructures/security/BcryptPasswordHash.js
FN:5,(anonymous_0)
FN:11,(anonymous_1)
FN:15,(anonymous_2)
FNF:3
FNH:3
FNDA:8,(anonymous_0)
FNDA:24,(anonymous_1)
FNDA:22,(anonymous_2)
DA:1,6
DA:2,6
DA:6,8
DA:7,8
DA:8,8
DA:12,24
DA:16,22
DA:18,22
DA:19,2
DA:24,6
LF:10
LH:10
BRDA:5,0,0,8
BRDA:18,1,0,2
BRDA:18,1,1,20
BRF:3
BRH:3
end_of_record
TN:
SF:src/Infrastructures/security/JwtTokenManager.js
FN:5,(anonymous_0)
FN:10,(anonymous_1)
FN:14,(anonymous_2)
FN:18,(anonymous_3)
FN:27,(anonymous_4)
FNF:5
FNH:5
FNDA:9,(anonymous_0)
FNDA:16,(anonymous_1)
FNDA:15,(anonymous_2)
FNDA:5,(anonymous_3)
FNDA:2,(anonymous_4)
DA:1,6
DA:2,6
DA:6,9
DA:7,9
DA:11,16
DA:15,15
DA:19,5
DA:20,5
DA:21,4
DA:23,2
DA:28,2
DA:29,2
DA:33,6
LF:13
LH:13
BRF:0
BRH:0
end_of_record
TN:
SF:src/Interfaces/http/api/authentications/handler.js
FN:6,(anonymous_0)
FN:14,(anonymous_1)
FN:28,(anonymous_2)
FN:41,(anonymous_3)
FNF:4
FNH:4
FNDA:41,(anonymous_0)
FNDA:24,(anonymous_1)
FNDA:5,(anonymous_2)
FNDA:4,(anonymous_3)
DA:1,6
DA:2,6
DA:3,6
DA:7,41
DA:9,41
DA:10,41
DA:11,41
DA:15,24
DA:16,24
DA:17,12
DA:24,12
DA:25,12
DA:29,5
DA:31,5
DA:33,1
DA:42,4
DA:43,4
DA:44,1
DA:50,6
LF:19
LH:19
BRF:0
BRH:0
end_of_record
TN:
SF:src/Interfaces/http/api/authentications/index.js
FN:6,(anonymous_0)
FNF:1
FNH:1
FNDA:41,(anonymous_0)
DA:1,6
DA:2,6
DA:4,6
DA:7,41
DA:8,41
LF:5
LH:5
BRF:0
BRH:0
end_of_record
TN:
SF:src/Interfaces/http/api/authentications/routes.js
FN:1,(anonymous_0)
FNF:1
FNH:1
FNDA:41,(anonymous_0)
DA:1,41
DA:19,6
LF:2
LH:2
BRF:0
BRH:0
end_of_record
TN:
SF:src/Interfaces/http/api/comments/handler.js
FN:5,(anonymous_0)
FN:11,(anonymous_1)
FN:30,(anonymous_2)
FNF:3
FNH:3
FNDA:41,(anonymous_0)
FNDA:6,(anonymous_1)
FNDA:2,(anonymous_2)
DA:1,6
DA:2,6
DA:6,41
DA:7,41
DA:8,41
DA:12,6
DA:17,6
DA:18,6
DA:20,4
DA:26,4
DA:27,4
DA:31,2
DA:36,2
DA:37,2
DA:39,1
DA:45,6
LF:16
LH:16
BRF:0
BRH:0
end_of_record
TN:
SF:src/Interfaces/http/api/comments/index.js
FN:6,(anonymous_0)
FNF:1
FNH:1
FNDA:41,(anonymous_0)
DA:1,6
DA:2,6
DA:4,6
DA:7,41
DA:8,41
LF:5
LH:5
BRF:0
BRH:0
end_of_record
TN:
SF:src/Interfaces/http/api/comments/routes.js
FN:1,(anonymous_0)
FNF:1
FNH:1
FNDA:41,(anonymous_0)
DA:1,41
DA:20,6
LF:2
LH:2
BRF:0
BRH:0
end_of_record
TN:
SF:src/Interfaces/http/api/replies/handler.js
FN:5,(anonymous_0)
FN:11,(anonymous_1)
FN:31,(anonymous_2)
FNF:3
FNH:3
FNDA:41,(anonymous_0)
FNDA:1,(anonymous_1)
FNDA:1,(anonymous_2)
DA:1,6
DA:2,6
DA:6,41
DA:7,41
DA:8,41
DA:12,1
DA:18,1
DA:19,1
DA:21,1
DA:27,1
DA:28,1
DA:32,1
DA:38,1
DA:39,1
DA:41,0
DA:47,6
LF:16
LH:15
BRF:0
BRH:0
end_of_record
TN:
SF:src/Interfaces/http/api/replies/index.js
FN:6,(anonymous_0)
FNF:1
FNH:1
FNDA:41,(anonymous_0)
DA:1,6
DA:2,6
DA:4,6
DA:7,41
DA:8,41
LF:5
LH:5
BRF:0
BRH:0
end_of_record
TN:
SF:src/Interfaces/http/api/replies/routes.js
FN:1,(anonymous_0)
FNF:1
FNH:1
FNDA:41,(anonymous_0)
DA:1,41
DA:20,6
LF:2
LH:2
BRF:0
BRH:0
end_of_record
TN:
SF:src/Interfaces/http/api/threads/handler.js
FN:5,(anonymous_0)
FN:11,(anonymous_1)
FN:30,(anonymous_2)
FNF:3
FNH:3
FNDA:41,(anonymous_0)
FNDA:10,(anonymous_1)
FNDA:1,(anonymous_2)
DA:1,6
DA:2,6
DA:6,41
DA:7,41
DA:8,41
DA:12,10
DA:17,10
DA:18,10
DA:20,9
DA:26,9
DA:27,9
DA:31,1
DA:32,1
DA:33,1
DA:35,0
DA:40,0
DA:44,6
LF:17
LH:15
BRF:0
BRH:0
end_of_record
TN:
SF:src/Interfaces/http/api/threads/index.js
FN:6,(anonymous_0)
FNF:1
FNH:1
FNDA:41,(anonymous_0)
DA:1,6
DA:2,6
DA:4,6
DA:7,41
DA:8,41
LF:5
LH:5
BRF:0
BRH:0
end_of_record
TN:
SF:src/Interfaces/http/api/threads/routes.js
FN:1,(anonymous_0)
FNF:1
FNH:1
FNDA:41,(anonymous_0)
DA:1,41
DA:17,6
LF:2
LH:2
BRF:0
BRH:0
end_of_record
TN:
SF:src/Interfaces/http/api/users/handler.js
FN:4,(anonymous_0)
FN:10,(anonymous_1)
FNF:2
FNH:2
FNDA:41,(anonymous_0)
FNDA:28,(anonymous_1)
DA:1,6
DA:5,41
DA:7,41
DA:11,28
DA:12,27
DA:14,13
DA:20,13
DA:21,13
DA:25,6
LF:9
LH:9
BRF:0
BRH:0
end_of_record
TN:
SF:src/Interfaces/http/api/users/index.js
FN:6,(anonymous_0)
FNF:1
FNH:1
FNDA:41,(anonymous_0)
DA:1,6
DA:2,6
DA:4,6
DA:7,41
DA:8,41
LF:5
LH:5
BRF:0
BRH:0
end_of_record
TN:
SF:src/Interfaces/http/api/users/routes.js
FN:1,(anonymous_0)
FNF:1
FNH:1
FNDA:41,(anonymous_0)
DA:1,41
DA:9,6
LF:2
LH:2
BRF:0
BRH:0
end_of_record
TN:
SF:tests/CommentRepliesTableTestHelper.js
FN:4,(anonymous_0)
FN:21,(anonymous_1)
FN:31,(anonymous_2)
FNF:3
FNH:3
FNDA:3,(anonymous_0)
FNDA:2,(anonymous_1)
FNDA:8,(anonymous_2)
DA:1,1
DA:3,1
DA:13,3
DA:18,3
DA:22,2
DA:27,2
DA:28,2
DA:32,8
DA:36,1
LF:9
LH:9
BRDA:5,0,0,0
BRDA:6,1,0,3
BRDA:7,2,0,3
BRDA:8,3,0,3
BRDA:9,4,0,3
BRDA:10,5,0,3
BRDA:11,6,0,3
BRF:7
BRH:6
end_of_record
TN:
SF:tests/CommentsTableTestHelper.js
FN:5,(anonymous_0)
FN:21,(anonymous_1)
FN:31,(anonymous_2)
FNF:3
FNH:3
FNDA:4,(anonymous_0)
FNDA:2,(anonymous_1)
FNDA:24,(anonymous_2)
DA:2,4
DA:4,4
DA:13,4
DA:18,4
DA:22,2
DA:27,2
DA:28,2
DA:32,24
DA:36,4
LF:9
LH:9
BRDA:6,0,0,0
BRDA:7,1,0,4
BRDA:8,2,0,4
BRDA:9,3,0,3
BRDA:10,4,0,3
BRDA:11,5,0,4
BRF:6
BRH:5
end_of_record
TN:
SF:tests/ThreadsTableTestHelper.js
FN:5,(anonymous_0)
FN:20,(anonymous_1)
FN:30,(anonymous_2)
FNF:3
FNH:3
FNDA:4,(anonymous_0)
FNDA:1,(anonymous_1)
FNDA:27,(anonymous_2)
DA:2,6
DA:4,6
DA:12,4
DA:17,4
DA:21,1
DA:26,1
DA:27,1
DA:31,27
DA:35,6
LF:9
LH:9
BRDA:6,0,0,0
BRDA:7,1,0,4
BRDA:8,2,0,4
BRDA:9,3,0,4
BRDA:10,4,0,2
BRF:5
BRH:4
end_of_record
